<?xml version="1.0" encoding="UTF-8"?>
<coverage generated="1789994872025" clover="3.2.0">
  <project timestamp="1789994872026" name="All files">
    <metrics statements="36" coveredstatements="36" conditionals="28" coveredconditionals="24" methods="11" coveredmethods="11" elements="75" coveredelements="71" complexity="0" loc="36" ncloc="36" packages="1" files="1" classes="1"/>
    <file name="logger.ts" path="F:\HopONTravel\utils\logger.ts">
      <metrics statements="36" coveredstatements="36" conditionals="28" coveredconditionals="24" methods="11" coveredmethods="11"/>
      <line num="20" count="1" type="stmt"/>
      <line num="23" count="1" type="stmt"/>
      <line num="24" count="1" type="stmt"/>
      <line num="25" count="1" type="stmt"/>
      <line num="26" count="1" type="stmt"/>
      <line num="30" count="14" type="stmt"/>
      <line num="31" count="14" type="stmt"/>
      <line num="35" count="220" type="stmt"/>
      <line num="36" count="220" type="cond" truecount="2" falsecount="0"/>
      <line num="37" count="5" type="stmt"/>
      <line num="43" count="6" type="stmt"/>
      <line num="44" count="6" type="stmt"/>
      <line num="57" count="2" type="stmt"/>
      <line num="66" count="2" type="stmt"/>
      <line num="67" count="2" type="cond" truecount="1" falsecount="1"/>
      <line num="70" count="2" type="stmt"/>
      <line num="75" count="7" type="stmt"/>
      <line num="80" count="12" type="stmt"/>
      <line num="84" count="211" type="stmt"/>
      <line num="85" count="211" type="stmt"/>
      <line num="86" count="211" type="cond" truecount="2" falsecount="0"/>
      <line num="87" count="1" type="cond" truecount="1" falsecount="1"/>
      <line num="92" count="2" type="stmt"/>
      <line num="93" count="2" type="stmt"/>
      <line num="94" count="2" type="cond" truecount="2" falsecount="0"/>
      <line num="95" count="1" type="cond" truecount="1" falsecount="1"/>
      <line num="98" count="2" type="stmt"/>
      <line num="102" count="4" type="stmt"/>
      <line num="109" count="4" type="stmt"/>
      <line num="110" count="4" type="cond" truecount="2" falsecount="0"/>
      <line num="112" count="4" type="stmt"/>
      <line num="116" count="3" type="stmt"/>
      <line num="117" count="3" type="stmt"/>
      <line num="118" count="3" type="cond" truecount="2" falsecount="0"/>
      <line num="119" count="1" type="cond" truecount="1" falsecount="1"/>
      <line num="124" count="1" type="stmt"/>
    </file>
  </project>
</coverage>
