<?xml version="1.0" encoding="UTF-8"?>
<coverage generated="1789997267127" clover="3.2.0">
  <project timestamp="1789997267127" name="All files">
    <metrics statements="67" coveredstatements="67" conditionals="94" coveredconditionals="75" methods="31" coveredmethods="31" elements="192" coveredelements="173" complexity="0" loc="67" ncloc="67" packages="3" files="3" classes="3"/>
    <package name="app">
      <metrics statements="59" coveredstatements="59" conditionals="91" coveredconditionals="73" methods="29" coveredmethods="29"/>
      <file name="index.tsx" path="F:\HopONTravel\app\index.tsx">
        <metrics statements="59" coveredstatements="59" conditionals="91" coveredconditionals="73" methods="29" coveredmethods="29"/>
        <line num="13" count="1" type="stmt"/>
        <line num="20" count="1" type="stmt"/>
        <line num="21" count="64" type="stmt"/>
        <line num="22" count="64" type="cond" truecount="3" falsecount="1"/>
        <line num="23" count="64" type="cond" truecount="1" falsecount="1"/>
        <line num="24" count="64" type="cond" truecount="2" falsecount="2"/>
        <line num="27" count="64" type="stmt"/>
        <line num="32" count="1" type="stmt"/>
        <line num="33" count="1" type="stmt"/>
        <line num="44" count="1" type="stmt"/>
        <line num="86" count="32" type="stmt"/>
        <line num="87" count="32" type="stmt"/>
        <line num="88" count="32" type="stmt"/>
        <line num="89" count="32" type="stmt"/>
        <line num="90" count="32" type="stmt"/>
        <line num="91" count="32" type="stmt"/>
        <line num="93" count="32" type="stmt"/>
        <line num="94" count="1" type="stmt"/>
        <line num="95" count="1" type="cond" truecount="1" falsecount="1"/>
        <line num="96" count="1" type="stmt"/>
        <line num="98" count="32" type="stmt"/>
        <line num="99" count="32" type="stmt"/>
        <line num="100" count="32" type="stmt"/>
        <line num="101" count="32" type="stmt"/>
        <line num="102" count="32" type="stmt"/>
        <line num="103" count="32" type="stmt"/>
        <line num="104" count="32" type="stmt"/>
        <line num="106" count="32" type="stmt"/>
        <line num="107" count="17" type="stmt"/>
        <line num="108" count="17" type="stmt"/>
        <line num="109" count="17" type="stmt"/>
        <line num="111" count="51" type="cond" truecount="1" falsecount="1"/>
        <line num="112" count="51" type="cond" truecount="1" falsecount="1"/>
        <line num="114" count="51" type="cond" truecount="4" falsecount="1"/>
        <line num="117" count="51" type="cond" truecount="3" falsecount="1"/>
        <line num="118" count="51" type="cond" truecount="4" falsecount="0"/>
        <line num="119" count="51" type="cond" truecount="2" falsecount="0"/>
        <line num="120" count="51" type="cond" truecount="2" falsecount="0"/>
        <line num="122" count="51" type="cond" truecount="4" falsecount="0"/>
        <line num="126" count="32" type="cond" truecount="2" falsecount="0"/>
        <line num="127" count="1" type="stmt"/>
        <line num="132" count="3" type="stmt"/>
        <line num="143" count="31" type="stmt"/>
        <line num="174" count="1" type="stmt"/>
        <line num="183" count="3" type="stmt"/>
        <line num="187" count="3" type="stmt"/>
        <line num="191" count="3" type="stmt"/>
        <line num="202" count="76" type="stmt"/>
        <line num="206" count="1" type="cond" truecount="3" falsecount="1"/>
        <line num="216" count="64" type="stmt"/>
        <line num="228" count="1" type="stmt"/>
        <line num="232" count="1" type="stmt"/>
        <line num="236" count="186" type="stmt"/>
        <line num="246" count="1" type="stmt"/>
        <line num="250" count="1" type="stmt"/>
        <line num="254" count="93" type="stmt"/>
        <line num="264" count="1" type="stmt"/>
        <line num="269" count="124" type="stmt"/>
        <line num="281" count="32" type="stmt"/>
      </file>
    </package>
    <package name="assets.images">
      <metrics statements="1" coveredstatements="1" conditionals="0" coveredconditionals="0" methods="0" coveredmethods="0"/>
      <file name="Media.jpg" path="F:\HopONTravel\assets\images\Media.jpg">
        <metrics statements="1" coveredstatements="1" conditionals="0" coveredconditionals="0" methods="0" coveredmethods="0"/>
        <line num="1" count="1" type="stmt"/>
      </file>
    </package>
    <package name="components">
      <metrics statements="7" coveredstatements="7" conditionals="3" coveredconditionals="2" methods="2" coveredmethods="2"/>
      <file name="Skeleton.tsx" path="F:\HopONTravel\components\Skeleton.tsx">
        <metrics statements="7" coveredstatements="7" conditionals="3" coveredconditionals="2" methods="2" coveredmethods="2"/>
        <line num="11" count="1" type="cond" truecount="2" falsecount="1"/>
        <line num="12" count="9" type="stmt"/>
        <line num="14" count="9" type="stmt"/>
        <line num="15" count="9" type="stmt"/>
        <line num="31" count="9" type="stmt"/>
        <line num="36" count="9" type="stmt"/>
        <line num="47" count="1" type="stmt"/>
      </file>
    </package>
  </project>
</coverage>
