{"total": {"lines":{"total":1088,"covered":1088,"skipped":0,"pct":100},"statements":{"total":1163,"covered":1155,"skipped":0,"pct":99.31},"functions":{"total":198,"covered":187,"skipped":0,"pct":94.44},"branches":{"total":782,"covered":652,"skipped":0,"pct":83.37},"branchesTrue":{"total":0,"covered":0,"skipped":0,"pct":100}}
,"F:\\HopONTravel\\app\\booking-confirmation.tsx": {"lines":{"total":31,"covered":31,"skipped":0,"pct":100},"functions":{"total":6,"covered":6,"skipped":0,"pct":100},"statements":{"total":31,"covered":31,"skipped":0,"pct":100},"branches":{"total":28,"covered":28,"skipped":0,"pct":100}}
,"F:\\HopONTravel\\app\\booking-status.tsx": {"lines":{"total":60,"covered":60,"skipped":0,"pct":100},"functions":{"total":11,"covered":10,"skipped":0,"pct":90.9},"statements":{"total":62,"covered":61,"skipped":0,"pct":98.38},"branches":{"total":75,"covered":67,"skipped":0,"pct":89.33}}
,"F:\\HopONTravel\\app\\index.tsx": {"lines":{"total":59,"covered":59,"skipped":0,"pct":100},"functions":{"total":29,"covered":29,"skipped":0,"pct":100},"statements":{"total":74,"covered":72,"skipped":0,"pct":97.29},"branches":{"total":91,"covered":73,"skipped":0,"pct":80.21}}
,"F:\\HopONTravel\\app\\my-bookings.tsx": {"lines":{"total":48,"covered":48,"skipped":0,"pct":100},"functions":{"total":14,"covered":12,"skipped":0,"pct":85.71},"statements":{"total":51,"covered":50,"skipped":0,"pct":98.03},"branches":{"total":32,"covered":21,"skipped":0,"pct":65.62}}
,"F:\\HopONTravel\\app\\wishlist.tsx": {"lines":{"total":11,"covered":11,"skipped":0,"pct":100},"functions":{"total":6,"covered":6,"skipped":0,"pct":100},"statements":{"total":13,"covered":13,"skipped":0,"pct":100},"branches":{"total":12,"covered":12,"skipped":0,"pct":100}}
,"F:\\HopONTravel\\app\\checkout\\[id].tsx": {"lines":{"total":72,"covered":72,"skipped":0,"pct":100},"functions":{"total":6,"covered":6,"skipped":0,"pct":100},"statements":{"total":72,"covered":72,"skipped":0,"pct":100},"branches":{"total":64,"covered":51,"skipped":0,"pct":79.68}}
,"F:\\HopONTravel\\assets\\images\\Media.jpg": {"lines":{"total":1,"covered":1,"skipped":0,"pct":100},"functions":{"total":0,"covered":0,"skipped":0,"pct":100},"statements":{"total":1,"covered":1,"skipped":0,"pct":100},"branches":{"total":0,"covered":0,"skipped":0,"pct":100}}
,"F:\\HopONTravel\\components\\OfflineIndicator.tsx": {"lines":{"total":5,"covered":5,"skipped":0,"pct":100},"functions":{"total":1,"covered":1,"skipped":0,"pct":100},"statements":{"total":6,"covered":6,"skipped":0,"pct":100},"branches":{"total":2,"covered":2,"skipped":0,"pct":100}}
,"F:\\HopONTravel\\components\\Skeleton.tsx": {"lines":{"total":7,"covered":7,"skipped":0,"pct":100},"functions":{"total":2,"covered":2,"skipped":0,"pct":100},"statements":{"total":7,"covered":7,"skipped":0,"pct":100},"branches":{"total":3,"covered":3,"skipped":0,"pct":100}}
,"F:\\HopONTravel\\context\\AppContext.tsx": {"lines":{"total":391,"covered":391,"skipped":0,"pct":100},"functions":{"total":56,"covered":49,"skipped":0,"pct":87.5},"statements":{"total":411,"covered":408,"skipped":0,"pct":99.27},"branches":{"total":213,"covered":170,"skipped":0,"pct":79.81}}
,"F:\\HopONTravel\\data\\defaultTerms.ts": {"lines":{"total":1,"covered":1,"skipped":0,"pct":100},"functions":{"total":0,"covered":0,"skipped":0,"pct":100},"statements":{"total":1,"covered":1,"skipped":0,"pct":100},"branches":{"total":0,"covered":0,"skipped":0,"pct":100}}
,"F:\\HopONTravel\\data\\trips.ts": {"lines":{"total":1,"covered":1,"skipped":0,"pct":100},"functions":{"total":0,"covered":0,"skipped":0,"pct":100},"statements":{"total":1,"covered":1,"skipped":0,"pct":100},"branches":{"total":0,"covered":0,"skipped":0,"pct":100}}
,"F:\\HopONTravel\\services\\paymentService.ts": {"lines":{"total":24,"covered":24,"skipped":0,"pct":100},"functions":{"total":5,"covered":5,"skipped":0,"pct":100},"statements":{"total":24,"covered":24,"skipped":0,"pct":100},"branches":{"total":15,"covered":15,"skipped":0,"pct":100}}
,"F:\\HopONTravel\\services\\platformPaymentService.ts": {"lines":{"total":34,"covered":34,"skipped":0,"pct":100},"functions":{"total":5,"covered":5,"skipped":0,"pct":100},"statements":{"total":36,"covered":36,"skipped":0,"pct":100},"branches":{"total":16,"covered":13,"skipped":0,"pct":81.25}}
,"F:\\HopONTravel\\services\\razorpayCheckout.ts": {"lines":{"total":38,"covered":38,"skipped":0,"pct":100},"functions":{"total":11,"covered":11,"skipped":0,"pct":100},"statements":{"total":39,"covered":39,"skipped":0,"pct":100},"branches":{"total":43,"covered":41,"skipped":0,"pct":95.34}}
,"F:\\HopONTravel\\utils\\aiParser.ts": {"lines":{"total":100,"covered":100,"skipped":0,"pct":100},"functions":{"total":8,"covered":7,"skipped":0,"pct":87.5},"statements":{"total":118,"covered":117,"skipped":0,"pct":99.15},"branches":{"total":81,"covered":71,"skipped":0,"pct":87.65}}
,"F:\\HopONTravel\\utils\\exportData.ts": {"lines":{"total":85,"covered":85,"skipped":0,"pct":100},"functions":{"total":16,"covered":16,"skipped":0,"pct":100},"statements":{"total":94,"covered":94,"skipped":0,"pct":100},"branches":{"total":31,"covered":22,"skipped":0,"pct":70.96}}
,"F:\\HopONTravel\\utils\\logger.ts": {"lines":{"total":36,"covered":36,"skipped":0,"pct":100},"functions":{"total":11,"covered":11,"skipped":0,"pct":100},"statements":{"total":36,"covered":36,"skipped":0,"pct":100},"branches":{"total":28,"covered":28,"skipped":0,"pct":100}}
,"F:\\HopONTravel\\utils\\screenshotPrevention.ts": {"lines":{"total":54,"covered":54,"skipped":0,"pct":100},"functions":{"total":9,"covered":9,"skipped":0,"pct":100},"statements":{"total":56,"covered":56,"skipped":0,"pct":100},"branches":{"total":28,"covered":20,"skipped":0,"pct":71.42}}
,"F:\\HopONTravel\\utils\\uploadImage.ts": {"lines":{"total":30,"covered":30,"skipped":0,"pct":100},"functions":{"total":2,"covered":2,"skipped":0,"pct":100},"statements":{"total":30,"covered":30,"skipped":0,"pct":100},"branches":{"total":20,"covered":15,"skipped":0,"pct":75}}
}
