{"F:\\HopONTravel\\app\\booking-confirmation.tsx": {"path":"F:\\HopONTravel\\app\\booking-confirmation.tsx","statementMap":{"0":{"start":{"line":9,"column":17},"end":{"line":9,"column":39}},"1":{"start":{"line":10,"column":142},"end":{"line":10,"column":148}},"2":{"start":{"line":11,"column":16},"end":{"line":11,"column":32}},"3":{"start":{"line":13,"column":29},"end":{"line":13,"column":58}},"4":{"start":{"line":15,"column":32},"end":{"line":30,"column":3}},"5":{"start":{"line":16,"column":20},"end":{"line":16,"column":211}},"6":{"start":{"line":17,"column":16},"end":{"line":17,"column":93}},"7":{"start":{"line":19,"column":4},"end":{"line":29,"column":5}},"8":{"start":{"line":20,"column":22},"end":{"line":20,"column":51}},"9":{"start":{"line":21,"column":6},"end":{"line":26,"column":7}},"10":{"start":{"line":22,"column":8},"end":{"line":22,"column":35}},"11":{"start":{"line":24,"column":23},"end":{"line":24,"column":92}},"12":{"start":{"line":25,"column":8},"end":{"line":25,"column":38}},"13":{"start":{"line":28,"column":6},"end":{"line":28,"column":55}},"14":{"start":{"line":32,"column":27},"end":{"line":45,"column":3}},"15":{"start":{"line":33,"column":4},"end":{"line":36,"column":5}},"16":{"start":{"line":34,"column":6},"end":{"line":34,"column":100}},"17":{"start":{"line":35,"column":6},"end":{"line":35,"column":13}},"18":{"start":{"line":37,"column":19},"end":{"line":37,"column":136}},"19":{"start":{"line":39,"column":4},"end":{"line":44,"column":5}},"20":{"start":{"line":40,"column":6},"end":{"line":40,"column":36}},"21":{"start":{"line":41,"column":6},"end":{"line":41,"column":108}},"22":{"start":{"line":43,"column":6},"end":{"line":43,"column":110}},"23":{"start":{"line":47,"column":2},"end":{"line":50,"column":9}},"24":{"start":{"line":49,"column":4},"end":{"line":49,"column":72}},"25":{"start":{"line":52,"column":22},"end":{"line":58,"column":3}},"26":{"start":{"line":53,"column":4},"end":{"line":57,"column":18}},"27":{"start":{"line":54,"column":6},"end":{"line":56,"column":9}},"28":{"start":{"line":60,"column":2},"end":{"line":178,"column":4}},"29":{"start":{"line":171,"column":25},"end":{"line":171,"column":51}},"30":{"start":{"line":181,"column":15},"end":{"line":266,"column":2}}},"fnMap":{"0":{"name":"BookingConfirmationScreen","decl":{"start":{"line":8,"column":24},"end":{"line":8,"column":49}},"loc":{"start":{"line":8,"column":52},"end":{"line":179,"column":1}},"line":8},"1":{"name":"(anonymous_1)","decl":{"start":{"line":15,"column":32},"end":{"line":15,"column":33}},"loc":{"start":{"line":15,"column":44},"end":{"line":30,"column":3}},"line":15},"2":{"name":"(anonymous_2)","decl":{"start":{"line":32,"column":27},"end":{"line":32,"column":28}},"loc":{"start":{"line":32,"column":39},"end":{"line":45,"column":3}},"line":32},"3":{"name":"(anonymous_3)","decl":{"start":{"line":47,"column":12},"end":{"line":47,"column":13}},"loc":{"start":{"line":47,"column":18},"end":{"line":50,"column":3}},"line":47},"4":{"name":"(anonymous_4)","decl":{"start":{"line":52,"column":22},"end":{"line":52,"column":23}},"loc":{"start":{"line":52,"column":34},"end":{"line":58,"column":3}},"line":52},"5":{"name":"(anonymous_5)","decl":{"start":{"line":171,"column":19},"end":{"line":171,"column":20}},"loc":{"start":{"line":171,"column":25},"end":{"line":171,"column":51}},"line":171}},"branchMap":{"0":{"loc":{"start":{"line":21,"column":6},"end":{"line":26,"column":7}},"type":"if","locations":[{"start":{"line":21,"column":6},"end":{"line":26,"column":7}},{"start":{"line":23,"column":13},"end":{"line":26,"column":7}}],"line":21},"1":{"loc":{"start":{"line":33,"column":4},"end":{"line":36,"column":5}},"type":"if","locations":[{"start":{"line":33,"column":4},"end":{"line":36,"column":5}},{"start":{},"end":{}}],"line":33},"2":{"loc":{"start":{"line":78,"column":45},"end":{"line":78,"column":106}},"type":"binary-expr","locations":[{"start":{"line":78,"column":45},"end":{"line":78,"column":72}},{"start":{"line":78,"column":76},"end":{"line":78,"column":106}}],"line":78},"3":{"loc":{"start":{"line":81,"column":33},"end":{"line":81,"column":89}},"type":"cond-expr","locations":[{"start":{"line":81,"column":63},"end":{"line":81,"column":72}},{"start":{"line":81,"column":75},"end":{"line":81,"column":89}}],"line":81},"4":{"loc":{"start":{"line":81,"column":108},"end":{"line":81,"column":159}},"type":"cond-expr","locations":[{"start":{"line":81,"column":138},"end":{"line":81,"column":147}},{"start":{"line":81,"column":150},"end":{"line":81,"column":159}}],"line":81},"5":{"loc":{"start":{"line":82,"column":55},"end":{"line":82,"column":106}},"type":"binary-expr","locations":[{"start":{"line":82,"column":55},"end":{"line":82,"column":82}},{"start":{"line":82,"column":86},"end":{"line":82,"column":106}}],"line":82},"6":{"loc":{"start":{"line":83,"column":17},"end":{"line":83,"column":122}},"type":"cond-expr","locations":[{"start":{"line":83,"column":47},"end":{"line":83,"column":78}},{"start":{"line":83,"column":81},"end":{"line":83,"column":122}}],"line":83},"7":{"loc":{"start":{"line":114,"column":45},"end":{"line":114,"column":156}},"type":"cond-expr","locations":[{"start":{"line":114,"column":75},"end":{"line":114,"column":116}},{"start":{"line":114,"column":119},"end":{"line":114,"column":156}}],"line":114},"8":{"loc":{"start":{"line":129,"column":13},"end":{"line":131,"column":13}},"type":"binary-expr","locations":[{"start":{"line":129,"column":13},"end":{"line":129,"column":22}},{"start":{"line":130,"column":14},"end":{"line":130,"column":79}}],"line":129},"9":{"loc":{"start":{"line":136,"column":38},"end":{"line":136,"column":99}},"type":"binary-expr","locations":[{"start":{"line":136,"column":38},"end":{"line":136,"column":65}},{"start":{"line":136,"column":69},"end":{"line":136,"column":99}}],"line":136},"10":{"loc":{"start":{"line":137,"column":59},"end":{"line":137,"column":110}},"type":"cond-expr","locations":[{"start":{"line":137,"column":89},"end":{"line":137,"column":98}},{"start":{"line":137,"column":101},"end":{"line":137,"column":110}}],"line":137},"11":{"loc":{"start":{"line":138,"column":41},"end":{"line":138,"column":92}},"type":"binary-expr","locations":[{"start":{"line":138,"column":41},"end":{"line":138,"column":68}},{"start":{"line":138,"column":72},"end":{"line":138,"column":92}}],"line":138},"12":{"loc":{"start":{"line":139,"column":13},"end":{"line":141,"column":105}},"type":"cond-expr","locations":[{"start":{"line":140,"column":16},"end":{"line":140,"column":102}},{"start":{"line":141,"column":16},"end":{"line":141,"column":105}}],"line":139},"13":{"loc":{"start":{"line":146,"column":9},"end":{"line":161,"column":9}},"type":"binary-expr","locations":[{"start":{"line":146,"column":9},"end":{"line":146,"column":36}},{"start":{"line":147,"column":10},"end":{"line":160,"column":17}}],"line":146}},"s":{"0":10,"1":10,"2":10,"3":10,"4":10,"5":3,"6":3,"7":3,"8":3,"9":2,"10":1,"11":1,"12":1,"13":1,"14":10,"15":3,"16":1,"17":1,"18":2,"19":2,"20":2,"21":1,"22":1,"23":10,"24":10,"25":10,"26":1,"27":1,"28":10,"29":1,"30":1},"f":{"0":10,"1":3,"2":3,"3":10,"4":1,"5":1},"b":{"0":[1,1],"1":[1,2],"2":[10,7],"3":[7,3],"4":[7,3],"5":[10,7],"6":[7,3],"7":[7,3],"8":[10,9],"9":[10,7],"10":[7,3],"11":[10,7],"12":[7,3],"13":[10,7]},"_coverageSchema":"1a1c01bbd47fc00a2c39e90264f33305004495a9","hash":"b5b4aebc41c9f406ec8cae3a688e4eaf1b3b61a1"}
,"F:\\HopONTravel\\app\\booking-status.tsx": {"path":"F:\\HopONTravel\\app\\booking-status.tsx","statementMap":{"0":{"start":{"line":12,"column":75},"end":{"line":12,"column":90}},"1":{"start":{"line":13,"column":40},"end":{"line":13,"column":86}},"2":{"start":{"line":14,"column":34},"end":{"line":14,"column":64}},"3":{"start":{"line":15,"column":32},"end":{"line":15,"column":47}},"4":{"start":{"line":16,"column":32},"end":{"line":16,"column":62}},"5":{"start":{"line":17,"column":34},"end":{"line":17,"column":46}},"6":{"start":{"line":19,"column":42},"end":{"line":19,"column":65}},"7":{"start":{"line":20,"column":56},"end":{"line":20,"column":71}},"8":{"start":{"line":22,"column":16},"end":{"line":22,"column":32}},"9":{"start":{"line":24,"column":24},"end":{"line":64,"column":3}},"10":{"start":{"line":25,"column":20},"end":{"line":25,"column":37}},"11":{"start":{"line":26,"column":4},"end":{"line":29,"column":5}},"12":{"start":{"line":27,"column":6},"end":{"line":27,"column":54}},"13":{"start":{"line":28,"column":6},"end":{"line":28,"column":13}},"14":{"start":{"line":31,"column":4},"end":{"line":31,"column":21}},"15":{"start":{"line":32,"column":4},"end":{"line":32,"column":20}},"16":{"start":{"line":33,"column":4},"end":{"line":33,"column":21}},"17":{"start":{"line":35,"column":4},"end":{"line":63,"column":5}},"18":{"start":{"line":36,"column":16},"end":{"line":36,"column":98}},"19":{"start":{"line":37,"column":19},"end":{"line":37,"column":35}},"20":{"start":{"line":39,"column":6},"end":{"line":57,"column":7}},"21":{"start":{"line":40,"column":8},"end":{"line":40,"column":79}},"22":{"start":{"line":43,"column":23},"end":{"line":43,"column":51}},"23":{"start":{"line":44,"column":24},"end":{"line":44,"column":44}},"24":{"start":{"line":45,"column":8},"end":{"line":56,"column":9}},"25":{"start":{"line":46,"column":10},"end":{"line":46,"column":71}},"26":{"start":{"line":49,"column":23},"end":{"line":49,"column":91}},"27":{"start":{"line":50,"column":26},"end":{"line":50,"column":45}},"28":{"start":{"line":51,"column":10},"end":{"line":55,"column":11}},"29":{"start":{"line":52,"column":12},"end":{"line":52,"column":89}},"30":{"start":{"line":54,"column":12},"end":{"line":54,"column":76}},"31":{"start":{"line":59,"column":6},"end":{"line":59,"column":23}},"32":{"start":{"line":60,"column":6},"end":{"line":60,"column":69}},"33":{"start":{"line":62,"column":6},"end":{"line":62,"column":24}},"34":{"start":{"line":66,"column":2},"end":{"line":71,"column":23}},"35":{"start":{"line":67,"column":4},"end":{"line":70,"column":5}},"36":{"start":{"line":68,"column":6},"end":{"line":68,"column":34}},"37":{"start":{"line":69,"column":6},"end":{"line":69,"column":36}},"38":{"start":{"line":73,"column":2},"end":{"line":92,"column":20}},"39":{"start":{"line":74,"column":30},"end":{"line":90,"column":5}},"40":{"start":{"line":75,"column":6},"end":{"line":89,"column":7}},"41":{"start":{"line":76,"column":8},"end":{"line":76,"column":37}},"42":{"start":{"line":77,"column":8},"end":{"line":88,"column":9}},"43":{"start":{"line":78,"column":20},"end":{"line":78,"column":102}},"44":{"start":{"line":79,"column":23},"end":{"line":79,"column":39}},"45":{"start":{"line":80,"column":34},"end":{"line":80,"column":36}},"46":{"start":{"line":81,"column":10},"end":{"line":81,"column":83}},"47":{"start":{"line":81,"column":30},"end":{"line":81,"column":81}},"48":{"start":{"line":82,"column":10},"end":{"line":82,"column":71}},"49":{"start":{"line":82,"column":30},"end":{"line":82,"column":69}},"50":{"start":{"line":83,"column":10},"end":{"line":83,"column":32}},"51":{"start":{"line":85,"column":10},"end":{"line":85,"column":59}},"52":{"start":{"line":87,"column":10},"end":{"line":87,"column":40}},"53":{"start":{"line":91,"column":4},"end":{"line":91,"column":24}},"54":{"start":{"line":94,"column":23},"end":{"line":96,"column":3}},"55":{"start":{"line":95,"column":4},"end":{"line":95,"column":28}},"56":{"start":{"line":98,"column":23},"end":{"line":174,"column":3}},"57":{"start":{"line":99,"column":4},"end":{"line":173,"column":11}},"58":{"start":{"line":176,"column":2},"end":{"line":261,"column":4}},"59":{"start":{"line":219,"column":29},"end":{"line":219,"column":57}},"60":{"start":{"line":251,"column":36},"end":{"line":251,"column":51}},"61":{"start":{"line":264,"column":15},"end":{"line":301,"column":2}}},"fnMap":{"0":{"name":"BookingStatusScreen","decl":{"start":{"line":11,"column":24},"end":{"line":11,"column":43}},"loc":{"start":{"line":11,"column":46},"end":{"line":262,"column":1}},"line":11},"1":{"name":"(anonymous_1)","decl":{"start":{"line":24,"column":24},"end":{"line":24,"column":25}},"loc":{"start":{"line":24,"column":54},"end":{"line":64,"column":3}},"line":24},"2":{"name":"(anonymous_2)","decl":{"start":{"line":66,"column":12},"end":{"line":66,"column":13}},"loc":{"start":{"line":66,"column":18},"end":{"line":71,"column":3}},"line":66},"3":{"name":"(anonymous_3)","decl":{"start":{"line":73,"column":12},"end":{"line":73,"column":13}},"loc":{"start":{"line":73,"column":18},"end":{"line":92,"column":3}},"line":73},"4":{"name":"(anonymous_4)","decl":{"start":{"line":74,"column":30},"end":{"line":74,"column":31}},"loc":{"start":{"line":74,"column":42},"end":{"line":90,"column":5}},"line":74},"5":{"name":"(anonymous_5)","decl":{"start":{"line":81,"column":23},"end":{"line":81,"column":24}},"loc":{"start":{"line":81,"column":30},"end":{"line":81,"column":81}},"line":81},"6":{"name":"(anonymous_6)","decl":{"start":{"line":82,"column":20},"end":{"line":82,"column":21}},"loc":{"start":{"line":82,"column":30},"end":{"line":82,"column":69}},"line":82},"7":{"name":"(anonymous_7)","decl":{"start":{"line":94,"column":23},"end":{"line":94,"column":24}},"loc":{"start":{"line":94,"column":29},"end":{"line":96,"column":3}},"line":94},"8":{"name":"(anonymous_8)","decl":{"start":{"line":98,"column":23},"end":{"line":98,"column":24}},"loc":{"start":{"line":99,"column":4},"end":{"line":173,"column":11}},"line":99},"9":{"name":"(anonymous_9)","decl":{"start":{"line":219,"column":23},"end":{"line":219,"column":24}},"loc":{"start":{"line":219,"column":29},"end":{"line":219,"column":57}},"line":219},"10":{"name":"(anonymous_10)","decl":{"start":{"line":251,"column":31},"end":{"line":251,"column":32}},"loc":{"start":{"line":251,"column":36},"end":{"line":251,"column":51}},"line":251}},"branchMap":{"0":{"loc":{"start":{"line":14,"column":43},"end":{"line":14,"column":63}},"type":"binary-expr","locations":[{"start":{"line":14,"column":43},"end":{"line":14,"column":57}},{"start":{"line":14,"column":61},"end":{"line":14,"column":63}}],"line":14},"1":{"loc":{"start":{"line":26,"column":4},"end":{"line":29,"column":5}},"type":"if","locations":[{"start":{"line":26,"column":4},"end":{"line":29,"column":5}},{"start":{},"end":{}}],"line":26},"2":{"loc":{"start":{"line":39,"column":6},"end":{"line":57,"column":7}},"type":"if","locations":[{"start":{"line":39,"column":6},"end":{"line":57,"column":7}},{"start":{"line":41,"column":13},"end":{"line":57,"column":7}}],"line":39},"3":{"loc":{"start":{"line":45,"column":8},"end":{"line":56,"column":9}},"type":"if","locations":[{"start":{"line":45,"column":8},"end":{"line":56,"column":9}},{"start":{"line":47,"column":15},"end":{"line":56,"column":9}}],"line":45},"4":{"loc":{"start":{"line":51,"column":10},"end":{"line":55,"column":11}},"type":"if","locations":[{"start":{"line":51,"column":10},"end":{"line":55,"column":11}},{"start":{"line":53,"column":17},"end":{"line":55,"column":11}}],"line":51},"5":{"loc":{"start":{"line":67,"column":4},"end":{"line":70,"column":5}},"type":"if","locations":[{"start":{"line":67,"column":4},"end":{"line":70,"column":5}},{"start":{},"end":{}}],"line":67},"6":{"loc":{"start":{"line":75,"column":6},"end":{"line":89,"column":7}},"type":"if","locations":[{"start":{"line":75,"column":6},"end":{"line":89,"column":7}},{"start":{},"end":{}}],"line":75},"7":{"loc":{"start":{"line":75,"column":10},"end":{"line":75,"column":64}},"type":"binary-expr","locations":[{"start":{"line":75,"column":10},"end":{"line":75,"column":43}},{"start":{"line":75,"column":47},"end":{"line":75,"column":64}}],"line":75},"8":{"loc":{"start":{"line":82,"column":31},"end":{"line":82,"column":47}},"type":"binary-expr","locations":[{"start":{"line":82,"column":31},"end":{"line":82,"column":42}},{"start":{"line":82,"column":46},"end":{"line":82,"column":47}}],"line":82},"9":{"loc":{"start":{"line":82,"column":52},"end":{"line":82,"column":68}},"type":"binary-expr","locations":[{"start":{"line":82,"column":52},"end":{"line":82,"column":63}},{"start":{"line":82,"column":67},"end":{"line":82,"column":68}}],"line":82},"10":{"loc":{"start":{"line":100,"column":41},"end":{"line":100,"column":97}},"type":"binary-expr","locations":[{"start":{"line":100,"column":41},"end":{"line":100,"column":63}},{"start":{"line":100,"column":67},"end":{"line":100,"column":97}}],"line":100},"11":{"loc":{"start":{"line":100,"column":99},"end":{"line":100,"column":154}},"type":"binary-expr","locations":[{"start":{"line":100,"column":99},"end":{"line":100,"column":120}},{"start":{"line":100,"column":124},"end":{"line":100,"column":154}}],"line":100},"12":{"loc":{"start":{"line":100,"column":156},"end":{"line":100,"column":214}},"type":"binary-expr","locations":[{"start":{"line":100,"column":156},"end":{"line":100,"column":180}},{"start":{"line":100,"column":184},"end":{"line":100,"column":214}}],"line":100},"13":{"loc":{"start":{"line":104,"column":18},"end":{"line":104,"column":113}},"type":"cond-expr","locations":[{"start":{"line":104,"column":45},"end":{"line":104,"column":59}},{"start":{"line":104,"column":62},"end":{"line":104,"column":113}}],"line":104},"14":{"loc":{"start":{"line":104,"column":62},"end":{"line":104,"column":113}},"type":"cond-expr","locations":[{"start":{"line":104,"column":87},"end":{"line":104,"column":96}},{"start":{"line":104,"column":99},"end":{"line":104,"column":113}}],"line":104},"15":{"loc":{"start":{"line":106,"column":19},"end":{"line":106,"column":104}},"type":"cond-expr","locations":[{"start":{"line":106,"column":46},"end":{"line":106,"column":55}},{"start":{"line":106,"column":58},"end":{"line":106,"column":104}}],"line":106},"16":{"loc":{"start":{"line":106,"column":58},"end":{"line":106,"column":104}},"type":"cond-expr","locations":[{"start":{"line":106,"column":83},"end":{"line":106,"column":92}},{"start":{"line":106,"column":95},"end":{"line":106,"column":104}}],"line":106},"17":{"loc":{"start":{"line":108,"column":51},"end":{"line":108,"column":97}},"type":"binary-expr","locations":[{"start":{"line":108,"column":51},"end":{"line":108,"column":73}},{"start":{"line":108,"column":77},"end":{"line":108,"column":97}}],"line":108},"18":{"loc":{"start":{"line":108,"column":99},"end":{"line":108,"column":174}},"type":"binary-expr","locations":[{"start":{"line":108,"column":100},"end":{"line":108,"column":121}},{"start":{"line":108,"column":125},"end":{"line":108,"column":149}},{"start":{"line":108,"column":154},"end":{"line":108,"column":174}}],"line":108},"19":{"loc":{"start":{"line":126,"column":39},"end":{"line":126,"column":51}},"type":"binary-expr","locations":[{"start":{"line":126,"column":39},"end":{"line":126,"column":46}},{"start":{"line":126,"column":50},"end":{"line":126,"column":51}}],"line":126},"20":{"loc":{"start":{"line":144,"column":40},"end":{"line":144,"column":59}},"type":"binary-expr","locations":[{"start":{"line":144,"column":40},"end":{"line":144,"column":51}},{"start":{"line":144,"column":55},"end":{"line":144,"column":59}}],"line":144},"21":{"loc":{"start":{"line":147,"column":7},"end":{"line":154,"column":7}},"type":"binary-expr","locations":[{"start":{"line":147,"column":7},"end":{"line":147,"column":29}},{"start":{"line":148,"column":8},"end":{"line":153,"column":15}}],"line":147},"22":{"loc":{"start":{"line":156,"column":7},"end":{"line":163,"column":7}},"type":"binary-expr","locations":[{"start":{"line":156,"column":7},"end":{"line":156,"column":31}},{"start":{"line":157,"column":8},"end":{"line":162,"column":15}}],"line":156},"23":{"loc":{"start":{"line":165,"column":7},"end":{"line":172,"column":7}},"type":"binary-expr","locations":[{"start":{"line":165,"column":7},"end":{"line":165,"column":28}},{"start":{"line":166,"column":8},"end":{"line":171,"column":15}}],"line":165},"24":{"loc":{"start":{"line":196,"column":40},"end":{"line":196,"column":67}},"type":"binary-expr","locations":[{"start":{"line":196,"column":40},"end":{"line":196,"column":47}},{"start":{"line":196,"column":51},"end":{"line":196,"column":67}}],"line":196},"25":{"loc":{"start":{"line":200,"column":15},"end":{"line":200,"column":109}},"type":"cond-expr","locations":[{"start":{"line":200,"column":25},"end":{"line":200,"column":59}},{"start":{"line":200,"column":62},"end":{"line":200,"column":109}}],"line":200},"26":{"loc":{"start":{"line":203,"column":11},"end":{"line":203,"column":77}},"type":"cond-expr","locations":[{"start":{"line":203,"column":22},"end":{"line":203,"column":70}},{"start":{"line":203,"column":73},"end":{"line":203,"column":77}}],"line":203},"27":{"loc":{"start":{"line":207,"column":9},"end":{"line":207,"column":41}},"type":"binary-expr","locations":[{"start":{"line":207,"column":9},"end":{"line":207,"column":16}},{"start":{"line":207,"column":20},"end":{"line":207,"column":41}}],"line":207},"28":{"loc":{"start":{"line":212,"column":9},"end":{"line":230,"column":9}},"type":"binary-expr","locations":[{"start":{"line":212,"column":9},"end":{"line":212,"column":21}},{"start":{"line":213,"column":10},"end":{"line":229,"column":17}}],"line":212},"29":{"loc":{"start":{"line":218,"column":43},"end":{"line":218,"column":75}},"type":"binary-expr","locations":[{"start":{"line":218,"column":43},"end":{"line":218,"column":55}},{"start":{"line":218,"column":59},"end":{"line":218,"column":75}}],"line":218},"30":{"loc":{"start":{"line":222,"column":15},"end":{"line":226,"column":15}},"type":"cond-expr","locations":[{"start":{"line":223,"column":16},"end":{"line":223,"column":79}},{"start":{"line":225,"column":16},"end":{"line":225,"column":97}}],"line":222},"31":{"loc":{"start":{"line":227,"column":53},"end":{"line":227,"column":107}},"type":"cond-expr","locations":[{"start":{"line":227,"column":68},"end":{"line":227,"column":83}},{"start":{"line":227,"column":86},"end":{"line":227,"column":107}}],"line":227},"32":{"loc":{"start":{"line":232,"column":9},"end":{"line":237,"column":9}},"type":"binary-expr","locations":[{"start":{"line":232,"column":9},"end":{"line":232,"column":20}},{"start":{"line":232,"column":24},"end":{"line":232,"column":53}},{"start":{"line":233,"column":10},"end":{"line":236,"column":17}}],"line":232},"33":{"loc":{"start":{"line":239,"column":9},"end":{"line":258,"column":9}},"type":"binary-expr","locations":[{"start":{"line":239,"column":9},"end":{"line":239,"column":20}},{"start":{"line":239,"column":24},"end":{"line":239,"column":56}},{"start":{"line":240,"column":10},"end":{"line":257,"column":17}}],"line":239},"34":{"loc":{"start":{"line":248,"column":13},"end":{"line":256,"column":13}},"type":"cond-expr","locations":[{"start":{"line":249,"column":14},"end":{"line":249,"column":90}},{"start":{"line":250,"column":16},"end":{"line":256,"column":13}}],"line":248},"35":{"loc":{"start":{"line":250,"column":16},"end":{"line":256,"column":13}},"type":"cond-expr","locations":[{"start":{"line":251,"column":14},"end":{"line":251,"column":52}},{"start":{"line":253,"column":14},"end":{"line":255,"column":21}}],"line":250}},"s":{"0":37,"1":37,"2":37,"3":37,"4":37,"5":37,"6":37,"7":37,"8":37,"9":37,"10":9,"11":9,"12":1,"13":1,"14":8,"15":8,"16":8,"17":8,"18":8,"19":8,"20":7,"21":4,"22":3,"23":3,"24":3,"25":1,"26":2,"27":2,"28":2,"29":1,"30":1,"31":1,"32":1,"33":8,"34":37,"35":14,"36":1,"37":1,"38":37,"39":14,"40":14,"41":2,"42":2,"43":2,"44":2,"45":1,"46":1,"47":1,"48":1,"49":0,"50":1,"51":1,"52":2,"53":14,"54":37,"55":8,"56":37,"57":7,"58":37,"59":2,"60":1,"61":1},"f":{"0":37,"1":9,"2":14,"3":14,"4":14,"5":1,"6":0,"7":8,"8":7,"9":2,"10":1},"b":{"0":[37,34],"1":[1,8],"2":[4,3],"3":[1,2],"4":[1,1],"5":[1,13],"6":[2,12],"7":[14,2],"8":[0,0],"9":[0,0],"10":[7,1],"11":[7,1],"12":[7,0],"13":[5,2],"14":[1,1],"15":[5,2],"16":[1,1],"17":[7,1],"18":[7,6,1],"19":[7,7],"20":[7,1],"21":[7,1],"22":[7,5],"23":[7,1],"24":[37,3],"25":[3,34],"26":[3,34],"27":[37,6],"28":[37,30],"29":[30,0],"30":[0,30],"31":[0,30],"32":[37,7,1],"33":[37,7,6],"34":[2,4],"35":[1,3]},"_coverageSchema":"1a1c01bbd47fc00a2c39e90264f33305004495a9","hash":"b388a6b2367849e81ace7317bf1c9a4340b2a113"}
,"F:\\HopONTravel\\app\\index.tsx": {"path":"F:\\HopONTravel\\app\\index.tsx","statementMap":{"0":{"start":{"line":13,"column":22},"end":{"line":18,"column":1}},"1":{"start":{"line":20,"column":21},"end":{"line":81,"column":1}},"2":{"start":{"line":21,"column":16},"end":{"line":21,"column":53}},"3":{"start":{"line":22,"column":16},"end":{"line":22,"column":89}},"4":{"start":{"line":23,"column":20},"end":{"line":25,"column":7}},"5":{"start":{"line":24,"column":51},"end":{"line":24,"column":128}},"6":{"start":{"line":27,"column":2},"end":{"line":80,"column":4}},"7":{"start":{"line":31,"column":25},"end":{"line":31,"column":98}},"8":{"start":{"line":32,"column":26},"end":{"line":32,"column":96}},"9":{"start":{"line":42,"column":32},"end":{"line":42,"column":51}},"10":{"start":{"line":42,"column":52},"end":{"line":42,"column":72}},"11":{"start":{"line":42,"column":73},"end":{"line":42,"column":99}},"12":{"start":{"line":84,"column":73},"end":{"line":84,"column":88}},"13":{"start":{"line":85,"column":44},"end":{"line":85,"column":57}},"14":{"start":{"line":86,"column":29},"end":{"line":86,"column":39}},"15":{"start":{"line":87,"column":17},"end":{"line":87,"column":42}},"16":{"start":{"line":88,"column":38},"end":{"line":88,"column":53}},"17":{"start":{"line":89,"column":16},"end":{"line":89,"column":32}},"18":{"start":{"line":91,"column":24},"end":{"line":95,"column":3}},"19":{"start":{"line":92,"column":4},"end":{"line":92,"column":24}},"20":{"start":{"line":93,"column":4},"end":{"line":93,"column":43}},"21":{"start":{"line":93,"column":22},"end":{"line":93,"column":43}},"22":{"start":{"line":94,"column":4},"end":{"line":94,"column":25}},"23":{"start":{"line":96,"column":40},"end":{"line":96,"column":52}},"24":{"start":{"line":97,"column":42},"end":{"line":97,"column":53}},"25":{"start":{"line":98,"column":46},"end":{"line":98,"column":75}},"26":{"start":{"line":99,"column":52},"end":{"line":99,"column":81}},"27":{"start":{"line":100,"column":52},"end":{"line":100,"column":67}},"28":{"start":{"line":101,"column":58},"end":{"line":101,"column":73}},"29":{"start":{"line":102,"column":46},"end":{"line":102,"column":61}},"30":{"start":{"line":104,"column":24},"end":{"line":122,"column":75}},"31":{"start":{"line":105,"column":19},"end":{"line":105,"column":46}},"32":{"start":{"line":106,"column":18},"end":{"line":106,"column":43}},"33":{"start":{"line":107,"column":4},"end":{"line":121,"column":7}},"34":{"start":{"line":109,"column":6},"end":{"line":109,"column":52}},"35":{"start":{"line":109,"column":39},"end":{"line":109,"column":52}},"36":{"start":{"line":110,"column":6},"end":{"line":110,"column":58}},"37":{"start":{"line":110,"column":45},"end":{"line":110,"column":58}},"38":{"start":{"line":112,"column":28},"end":{"line":114,"column":82}},"39":{"start":{"line":115,"column":20},"end":{"line":115,"column":90}},"40":{"start":{"line":116,"column":27},"end":{"line":116,"column":76}},"41":{"start":{"line":117,"column":30},"end":{"line":117,"column":86}},"42":{"start":{"line":118,"column":33},"end":{"line":118,"column":98}},"43":{"start":{"line":120,"column":6},"end":{"line":120,"column":84}},"44":{"start":{"line":124,"column":2},"end":{"line":139,"column":3}},"45":{"start":{"line":125,"column":4},"end":{"line":138,"column":6}},"46":{"start":{"line":130,"column":12},"end":{"line":134,"column":19}},"47":{"start":{"line":141,"column":2},"end":{"line":274,"column":4}},"48":{"start":{"line":171,"column":25},"end":{"line":171,"column":56}},"49":{"start":{"line":180,"column":70},"end":{"line":180,"column":96}},"50":{"start":{"line":184,"column":70},"end":{"line":184,"column":99}},"51":{"start":{"line":188,"column":70},"end":{"line":188,"column":93}},"52":{"start":{"line":198,"column":32},"end":{"line":198,"column":39}},"53":{"start":{"line":202,"column":10},"end":{"line":202,"column":63}},"54":{"start":{"line":202,"column":46},"end":{"line":202,"column":63}},"55":{"start":{"line":212,"column":34},"end":{"line":212,"column":181}},"56":{"start":{"line":224,"column":87},"end":{"line":224,"column":114}},"57":{"start":{"line":228,"column":79},"end":{"line":228,"column":103}},"58":{"start":{"line":228,"column":104},"end":{"line":228,"column":132}},"59":{"start":{"line":232,"column":16},"end":{"line":234,"column":35}},"60":{"start":{"line":232,"column":91},"end":{"line":232,"column":114}},"61":{"start":{"line":232,"column":115},"end":{"line":232,"column":143}},"62":{"start":{"line":242,"column":87},"end":{"line":242,"column":117}},"63":{"start":{"line":246,"column":79},"end":{"line":246,"column":106}},"64":{"start":{"line":246,"column":107},"end":{"line":246,"column":138}},"65":{"start":{"line":250,"column":16},"end":{"line":252,"column":35}},"66":{"start":{"line":250,"column":92},"end":{"line":250,"column":119}},"67":{"start":{"line":250,"column":120},"end":{"line":250,"column":151}},"68":{"start":{"line":260,"column":87},"end":{"line":260,"column":111}},"69":{"start":{"line":265,"column":16},"end":{"line":267,"column":35}},"70":{"start":{"line":265,"column":91},"end":{"line":265,"column":112}},"71":{"start":{"line":265,"column":113},"end":{"line":265,"column":138}},"72":{"start":{"line":277,"column":18},"end":{"line":422,"column":2}},"73":{"start":{"line":277,"column":60},"end":{"line":422,"column":2}}},"fnMap":{"0":{"name":"(anonymous_0)","decl":{"start":{"line":20,"column":21},"end":{"line":20,"column":22}},"loc":{"start":{"line":20,"column":91},"end":{"line":81,"column":1}},"line":20},"1":{"name":"(anonymous_1)","decl":{"start":{"line":24,"column":26},"end":{"line":24,"column":27}},"loc":{"start":{"line":24,"column":51},"end":{"line":24,"column":128}},"line":24},"2":{"name":"(anonymous_2)","decl":{"start":{"line":31,"column":19},"end":{"line":31,"column":20}},"loc":{"start":{"line":31,"column":25},"end":{"line":31,"column":98}},"line":31},"3":{"name":"(anonymous_3)","decl":{"start":{"line":32,"column":20},"end":{"line":32,"column":21}},"loc":{"start":{"line":32,"column":26},"end":{"line":32,"column":96}},"line":32},"4":{"name":"(anonymous_4)","decl":{"start":{"line":42,"column":23},"end":{"line":42,"column":24}},"loc":{"start":{"line":42,"column":30},"end":{"line":42,"column":101}},"line":42},"5":{"name":"HomeScreen","decl":{"start":{"line":83,"column":24},"end":{"line":83,"column":34}},"loc":{"start":{"line":83,"column":37},"end":{"line":275,"column":1}},"line":83},"6":{"name":"(anonymous_6)","decl":{"start":{"line":91,"column":24},"end":{"line":91,"column":25}},"loc":{"start":{"line":91,"column":36},"end":{"line":95,"column":3}},"line":91},"7":{"name":"(anonymous_7)","decl":{"start":{"line":104,"column":32},"end":{"line":104,"column":33}},"loc":{"start":{"line":104,"column":38},"end":{"line":122,"column":3}},"line":104},"8":{"name":"(anonymous_8)","decl":{"start":{"line":107,"column":24},"end":{"line":107,"column":25}},"loc":{"start":{"line":107,"column":34},"end":{"line":121,"column":5}},"line":107},"9":{"name":"(anonymous_9)","decl":{"start":{"line":129,"column":25},"end":{"line":129,"column":26}},"loc":{"start":{"line":130,"column":12},"end":{"line":134,"column":19}},"line":130},"10":{"name":"(anonymous_10)","decl":{"start":{"line":171,"column":19},"end":{"line":171,"column":20}},"loc":{"start":{"line":171,"column":25},"end":{"line":171,"column":56}},"line":171},"11":{"name":"(anonymous_11)","decl":{"start":{"line":180,"column":64},"end":{"line":180,"column":65}},"loc":{"start":{"line":180,"column":70},"end":{"line":180,"column":96}},"line":180},"12":{"name":"(anonymous_12)","decl":{"start":{"line":184,"column":64},"end":{"line":184,"column":65}},"loc":{"start":{"line":184,"column":70},"end":{"line":184,"column":99}},"line":184},"13":{"name":"(anonymous_13)","decl":{"start":{"line":188,"column":64},"end":{"line":188,"column":65}},"loc":{"start":{"line":188,"column":70},"end":{"line":188,"column":93}},"line":188},"14":{"name":"(anonymous_14)","decl":{"start":{"line":198,"column":22},"end":{"line":198,"column":23}},"loc":{"start":{"line":198,"column":32},"end":{"line":198,"column":39}},"line":198},"15":{"name":"(anonymous_15)","decl":{"start":{"line":201,"column":22},"end":{"line":201,"column":23}},"loc":{"start":{"line":201,"column":28},"end":{"line":203,"column":9}},"line":201},"16":{"name":"(anonymous_16)","decl":{"start":{"line":212,"column":20},"end":{"line":212,"column":21}},"loc":{"start":{"line":212,"column":34},"end":{"line":212,"column":181}},"line":212},"17":{"name":"(anonymous_17)","decl":{"start":{"line":224,"column":81},"end":{"line":224,"column":82}},"loc":{"start":{"line":224,"column":87},"end":{"line":224,"column":114}},"line":224},"18":{"name":"(anonymous_18)","decl":{"start":{"line":228,"column":71},"end":{"line":228,"column":72}},"loc":{"start":{"line":228,"column":77},"end":{"line":228,"column":134}},"line":228},"19":{"name":"(anonymous_19)","decl":{"start":{"line":231,"column":96},"end":{"line":231,"column":97}},"loc":{"start":{"line":232,"column":16},"end":{"line":234,"column":35}},"line":232},"20":{"name":"(anonymous_20)","decl":{"start":{"line":232,"column":83},"end":{"line":232,"column":84}},"loc":{"start":{"line":232,"column":89},"end":{"line":232,"column":145}},"line":232},"21":{"name":"(anonymous_21)","decl":{"start":{"line":242,"column":81},"end":{"line":242,"column":82}},"loc":{"start":{"line":242,"column":87},"end":{"line":242,"column":117}},"line":242},"22":{"name":"(anonymous_22)","decl":{"start":{"line":246,"column":71},"end":{"line":246,"column":72}},"loc":{"start":{"line":246,"column":77},"end":{"line":246,"column":140}},"line":246},"23":{"name":"(anonymous_23)","decl":{"start":{"line":249,"column":51},"end":{"line":249,"column":52}},"loc":{"start":{"line":250,"column":16},"end":{"line":252,"column":35}},"line":250},"24":{"name":"(anonymous_24)","decl":{"start":{"line":250,"column":84},"end":{"line":250,"column":85}},"loc":{"start":{"line":250,"column":90},"end":{"line":250,"column":153}},"line":250},"25":{"name":"(anonymous_25)","decl":{"start":{"line":260,"column":81},"end":{"line":260,"column":82}},"loc":{"start":{"line":260,"column":87},"end":{"line":260,"column":111}},"line":260},"26":{"name":"(anonymous_26)","decl":{"start":{"line":264,"column":33},"end":{"line":264,"column":34}},"loc":{"start":{"line":265,"column":16},"end":{"line":267,"column":35}},"line":265},"27":{"name":"(anonymous_27)","decl":{"start":{"line":265,"column":83},"end":{"line":265,"column":84}},"loc":{"start":{"line":265,"column":89},"end":{"line":265,"column":140}},"line":265},"28":{"name":"(anonymous_28)","decl":{"start":{"line":277,"column":18},"end":{"line":277,"column":19}},"loc":{"start":{"line":277,"column":60},"end":{"line":422,"column":2}},"line":277}},"branchMap":{"0":{"loc":{"start":{"line":22,"column":16},"end":{"line":22,"column":89}},"type":"cond-expr","locations":[{"start":{"line":22,"column":60},"end":{"line":22,"column":82}},{"start":{"line":22,"column":85},"end":{"line":22,"column":89}}],"line":22},"1":{"loc":{"start":{"line":22,"column":16},"end":{"line":22,"column":57}},"type":"binary-expr","locations":[{"start":{"line":22,"column":16},"end":{"line":22,"column":29}},{"start":{"line":22,"column":33},"end":{"line":22,"column":57}}],"line":22},"2":{"loc":{"start":{"line":23,"column":20},"end":{"line":25,"column":7}},"type":"cond-expr","locations":[{"start":{"line":24,"column":6},"end":{"line":24,"column":132}},{"start":{"line":25,"column":6},"end":{"line":25,"column":7}}],"line":23},"3":{"loc":{"start":{"line":24,"column":70},"end":{"line":24,"column":95}},"type":"binary-expr","locations":[{"start":{"line":24,"column":70},"end":{"line":24,"column":90}},{"start":{"line":24,"column":94},"end":{"line":24,"column":95}}],"line":24},"4":{"loc":{"start":{"line":24,"column":100},"end":{"line":24,"column":126}},"type":"binary-expr","locations":[{"start":{"line":24,"column":100},"end":{"line":24,"column":121}},{"start":{"line":24,"column":125},"end":{"line":24,"column":126}}],"line":24},"5":{"loc":{"start":{"line":36,"column":27},"end":{"line":36,"column":182}},"type":"binary-expr","locations":[{"start":{"line":36,"column":28},"end":{"line":36,"column":89}},{"start":{"line":36,"column":94},"end":{"line":36,"column":182}}],"line":36},"6":{"loc":{"start":{"line":36,"column":28},"end":{"line":36,"column":89}},"type":"cond-expr","locations":[{"start":{"line":36,"column":68},"end":{"line":36,"column":82}},{"start":{"line":36,"column":85},"end":{"line":36,"column":89}}],"line":36},"7":{"loc":{"start":{"line":36,"column":28},"end":{"line":36,"column":65}},"type":"binary-expr","locations":[{"start":{"line":36,"column":28},"end":{"line":36,"column":39}},{"start":{"line":36,"column":43},"end":{"line":36,"column":65}}],"line":36},"8":{"loc":{"start":{"line":44,"column":33},"end":{"line":44,"column":67}},"type":"cond-expr","locations":[{"start":{"line":44,"column":48},"end":{"line":44,"column":55}},{"start":{"line":44,"column":58},"end":{"line":44,"column":67}}],"line":44},"9":{"loc":{"start":{"line":44,"column":86},"end":{"line":44,"column":123}},"type":"cond-expr","locations":[{"start":{"line":44,"column":101},"end":{"line":44,"column":114}},{"start":{"line":44,"column":117},"end":{"line":44,"column":123}}],"line":44},"10":{"loc":{"start":{"line":51,"column":17},"end":{"line":55,"column":17}},"type":"binary-expr","locations":[{"start":{"line":51,"column":17},"end":{"line":51,"column":46}},{"start":{"line":52,"column":18},"end":{"line":54,"column":29}}],"line":51},"11":{"loc":{"start":{"line":56,"column":17},"end":{"line":60,"column":17}},"type":"binary-expr","locations":[{"start":{"line":56,"column":17},"end":{"line":56,"column":48}},{"start":{"line":57,"column":18},"end":{"line":59,"column":29}}],"line":56},"12":{"loc":{"start":{"line":62,"column":43},"end":{"line":62,"column":139}},"type":"cond-expr","locations":[{"start":{"line":62,"column":85},"end":{"line":62,"column":113}},{"start":{"line":62,"column":116},"end":{"line":62,"column":139}}],"line":62},"13":{"loc":{"start":{"line":62,"column":43},"end":{"line":62,"column":82}},"type":"binary-expr","locations":[{"start":{"line":62,"column":43},"end":{"line":62,"column":55}},{"start":{"line":62,"column":59},"end":{"line":62,"column":82}}],"line":62},"14":{"loc":{"start":{"line":66,"column":17},"end":{"line":70,"column":17}},"type":"binary-expr","locations":[{"start":{"line":66,"column":17},"end":{"line":66,"column":22}},{"start":{"line":67,"column":18},"end":{"line":69,"column":29}}],"line":66},"15":{"loc":{"start":{"line":93,"column":4},"end":{"line":93,"column":43}},"type":"if","locations":[{"start":{"line":93,"column":4},"end":{"line":93,"column":43}},{"start":{},"end":{}}],"line":93},"16":{"loc":{"start":{"line":109,"column":6},"end":{"line":109,"column":52}},"type":"if","locations":[{"start":{"line":109,"column":6},"end":{"line":109,"column":52}},{"start":{},"end":{}}],"line":109},"17":{"loc":{"start":{"line":110,"column":6},"end":{"line":110,"column":58}},"type":"if","locations":[{"start":{"line":110,"column":6},"end":{"line":110,"column":58}},{"start":{},"end":{}}],"line":110},"18":{"loc":{"start":{"line":112,"column":28},"end":{"line":114,"column":82}},"type":"binary-expr","locations":[{"start":{"line":112,"column":28},"end":{"line":112,"column":77}},{"start":{"line":113,"column":28},"end":{"line":113,"column":83}},{"start":{"line":114,"column":28},"end":{"line":114,"column":82}}],"line":112},"19":{"loc":{"start":{"line":112,"column":29},"end":{"line":112,"column":60}},"type":"binary-expr","locations":[{"start":{"line":112,"column":29},"end":{"line":112,"column":54}},{"start":{"line":112,"column":58},"end":{"line":112,"column":60}}],"line":112},"20":{"loc":{"start":{"line":113,"column":29},"end":{"line":113,"column":66}},"type":"binary-expr","locations":[{"start":{"line":113,"column":29},"end":{"line":113,"column":60}},{"start":{"line":113,"column":64},"end":{"line":113,"column":66}}],"line":113},"21":{"loc":{"start":{"line":114,"column":29},"end":{"line":114,"column":65}},"type":"binary-expr","locations":[{"start":{"line":114,"column":29},"end":{"line":114,"column":59}},{"start":{"line":114,"column":63},"end":{"line":114,"column":65}}],"line":114},"22":{"loc":{"start":{"line":115,"column":20},"end":{"line":115,"column":90}},"type":"cond-expr","locations":[{"start":{"line":115,"column":64},"end":{"line":115,"column":86}},{"start":{"line":115,"column":89},"end":{"line":115,"column":90}}],"line":115},"23":{"loc":{"start":{"line":115,"column":20},"end":{"line":115,"column":61}},"type":"binary-expr","locations":[{"start":{"line":115,"column":20},"end":{"line":115,"column":33}},{"start":{"line":115,"column":37},"end":{"line":115,"column":61}}],"line":115},"24":{"loc":{"start":{"line":116,"column":27},"end":{"line":116,"column":76}},"type":"binary-expr","locations":[{"start":{"line":116,"column":27},"end":{"line":116,"column":53}},{"start":{"line":116,"column":57},"end":{"line":116,"column":76}}],"line":116},"25":{"loc":{"start":{"line":116,"column":37},"end":{"line":116,"column":52}},"type":"binary-expr","locations":[{"start":{"line":116,"column":37},"end":{"line":116,"column":47}},{"start":{"line":116,"column":51},"end":{"line":116,"column":52}}],"line":116},"26":{"loc":{"start":{"line":117,"column":30},"end":{"line":117,"column":86}},"type":"cond-expr","locations":[{"start":{"line":117,"column":47},"end":{"line":117,"column":79}},{"start":{"line":117,"column":82},"end":{"line":117,"column":86}}],"line":117},"27":{"loc":{"start":{"line":118,"column":33},"end":{"line":118,"column":98}},"type":"cond-expr","locations":[{"start":{"line":118,"column":53},"end":{"line":118,"column":91}},{"start":{"line":118,"column":94},"end":{"line":118,"column":98}}],"line":118},"28":{"loc":{"start":{"line":120,"column":13},"end":{"line":120,"column":83}},"type":"binary-expr","locations":[{"start":{"line":120,"column":13},"end":{"line":120,"column":26}},{"start":{"line":120,"column":30},"end":{"line":120,"column":42}},{"start":{"line":120,"column":46},"end":{"line":120,"column":61}},{"start":{"line":120,"column":65},"end":{"line":120,"column":83}}],"line":120},"29":{"loc":{"start":{"line":124,"column":2},"end":{"line":139,"column":3}},"type":"if","locations":[{"start":{"line":124,"column":2},"end":{"line":139,"column":3}},{"start":{},"end":{}}],"line":124},"30":{"loc":{"start":{"line":149,"column":38},"end":{"line":149,"column":88}},"type":"cond-expr","locations":[{"start":{"line":149,"column":47},"end":{"line":149,"column":64}},{"start":{"line":149,"column":67},"end":{"line":149,"column":88}}],"line":149},"31":{"loc":{"start":{"line":181,"column":68},"end":{"line":181,"column":96}},"type":"binary-expr","locations":[{"start":{"line":181,"column":68},"end":{"line":181,"column":82}},{"start":{"line":181,"column":86},"end":{"line":181,"column":96}}],"line":181},"32":{"loc":{"start":{"line":185,"column":68},"end":{"line":185,"column":102}},"type":"binary-expr","locations":[{"start":{"line":185,"column":68},"end":{"line":185,"column":85}},{"start":{"line":185,"column":89},"end":{"line":185,"column":102}}],"line":185},"33":{"loc":{"start":{"line":199,"column":31},"end":{"line":199,"column":104}},"type":"cond-expr","locations":[{"start":{"line":199,"column":60},"end":{"line":199,"column":81}},{"start":{"line":199,"column":84},"end":{"line":199,"column":104}}],"line":199},"34":{"loc":{"start":{"line":202,"column":10},"end":{"line":202,"column":63}},"type":"if","locations":[{"start":{"line":202,"column":10},"end":{"line":202,"column":63}},{"start":{},"end":{}}],"line":202},"35":{"loc":{"start":{"line":202,"column":14},"end":{"line":202,"column":44}},"type":"binary-expr","locations":[{"start":{"line":202,"column":14},"end":{"line":202,"column":28}},{"start":{"line":202,"column":32},"end":{"line":202,"column":44}}],"line":202},"36":{"loc":{"start":{"line":206,"column":10},"end":{"line":210,"column":18}},"type":"cond-expr","locations":[{"start":{"line":207,"column":12},"end":{"line":209,"column":19}},{"start":{"line":210,"column":14},"end":{"line":210,"column":18}}],"line":206},"37":{"loc":{"start":{"line":208,"column":15},"end":{"line":208,"column":193}},"type":"cond-expr","locations":[{"start":{"line":208,"column":30},"end":{"line":208,"column":87}},{"start":{"line":208,"column":90},"end":{"line":208,"column":193}}],"line":208},"38":{"loc":{"start":{"line":229,"column":57},"end":{"line":229,"column":121}},"type":"binary-expr","locations":[{"start":{"line":229,"column":57},"end":{"line":229,"column":72}},{"start":{"line":229,"column":76},"end":{"line":229,"column":121}}],"line":229},"39":{"loc":{"start":{"line":233,"column":59},"end":{"line":233,"column":130}},"type":"binary-expr","locations":[{"start":{"line":233,"column":59},"end":{"line":233,"column":81}},{"start":{"line":233,"column":85},"end":{"line":233,"column":130}}],"line":233},"40":{"loc":{"start":{"line":247,"column":57},"end":{"line":247,"column":124}},"type":"binary-expr","locations":[{"start":{"line":247,"column":57},"end":{"line":247,"column":75}},{"start":{"line":247,"column":79},"end":{"line":247,"column":124}}],"line":247},"41":{"loc":{"start":{"line":251,"column":59},"end":{"line":251,"column":134}},"type":"binary-expr","locations":[{"start":{"line":251,"column":59},"end":{"line":251,"column":85}},{"start":{"line":251,"column":89},"end":{"line":251,"column":134}}],"line":251},"42":{"loc":{"start":{"line":266,"column":59},"end":{"line":266,"column":128}},"type":"binary-expr","locations":[{"start":{"line":266,"column":59},"end":{"line":266,"column":79}},{"start":{"line":266,"column":83},"end":{"line":266,"column":128}}],"line":266},"43":{"loc":{"start":{"line":309,"column":21},"end":{"line":309,"column":73}},"type":"cond-expr","locations":[{"start":{"line":309,"column":30},"end":{"line":309,"column":47}},{"start":{"line":309,"column":50},"end":{"line":309,"column":73}}],"line":309}},"s":{"0":1,"1":1,"2":25,"3":25,"4":25,"5":25,"6":25,"7":0,"8":0,"9":0,"10":0,"11":0,"12":12,"13":12,"14":12,"15":12,"16":12,"17":12,"18":12,"19":0,"20":0,"21":0,"22":0,"23":12,"24":12,"25":12,"26":12,"27":12,"28":12,"29":12,"30":12,"31":10,"32":10,"33":10,"34":30,"35":0,"36":30,"37":0,"38":30,"39":30,"40":30,"41":30,"42":30,"43":30,"44":12,"45":0,"46":0,"47":12,"48":0,"49":1,"50":0,"51":1,"52":33,"53":0,"54":0,"55":25,"56":0,"57":0,"58":0,"59":72,"60":1,"61":1,"62":0,"63":0,"64":0,"65":36,"66":0,"67":0,"68":0,"69":48,"70":1,"71":1,"72":1,"73":12},"f":{"0":25,"1":25,"2":0,"3":0,"4":0,"5":12,"6":0,"7":10,"8":30,"9":0,"10":0,"11":1,"12":0,"13":1,"14":33,"15":0,"16":25,"17":0,"18":0,"19":72,"20":1,"21":0,"22":0,"23":36,"24":0,"25":0,"26":48,"27":1,"28":12},"b":{"0":[25,0],"1":[25,25],"2":[25,0],"3":[25,0],"4":[25,0],"5":[25,0],"6":[25,0],"7":[25,25],"8":[8,17],"9":[8,17],"10":[25,9],"11":[25,0],"12":[25,0],"13":[25,25],"14":[25,25],"15":[0,0],"16":[0,30],"17":[0,30],"18":[30,8,8],"19":[30,0],"20":[8,0],"21":[8,0],"22":[30,0],"23":[30,30],"24":[30,30],"25":[30,30],"26":[3,27],"27":[0,30],"28":[30,23,21,19],"29":[0,12],"30":[0,12],"31":[12,11],"32":[12,12],"33":[1,11],"34":[0,0],"35":[0,0],"36":[11,1],"37":[0,11],"38":[12,11],"39":[72,1],"40":[12,12],"41":[36,0],"42":[48,12],"43":[0,12]},"_coverageSchema":"1a1c01bbd47fc00a2c39e90264f33305004495a9","hash":"338f2a42936dbc148ee8a88b1f41a9f4d3636e60"}
,"F:\\HopONTravel\\app\\my-bookings.tsx": {"path":"F:\\HopONTravel\\app\\my-bookings.tsx","statementMap":{"0":{"start":{"line":14,"column":29},"end":{"line":14,"column":39}},"1":{"start":{"line":15,"column":17},"end":{"line":15,"column":34}},"2":{"start":{"line":16,"column":34},"end":{"line":16,"column":49}},"3":{"start":{"line":17,"column":34},"end":{"line":17,"column":57}},"4":{"start":{"line":18,"column":32},"end":{"line":18,"column":46}},"5":{"start":{"line":19,"column":16},"end":{"line":19,"column":32}},"6":{"start":{"line":21,"column":23},"end":{"line":38,"column":3}},"7":{"start":{"line":22,"column":4},"end":{"line":37,"column":6}},"8":{"start":{"line":31,"column":12},"end":{"line":31,"column":27}},"9":{"start":{"line":32,"column":12},"end":{"line":32,"column":80}},"10":{"start":{"line":33,"column":12},"end":{"line":33,"column":32}},"11":{"start":{"line":40,"column":2},"end":{"line":79,"column":20}},"12":{"start":{"line":41,"column":26},"end":{"line":77,"column":5}},"13":{"start":{"line":42,"column":6},"end":{"line":45,"column":7}},"14":{"start":{"line":43,"column":8},"end":{"line":43,"column":26}},"15":{"start":{"line":44,"column":8},"end":{"line":44,"column":15}},"16":{"start":{"line":48,"column":6},"end":{"line":52,"column":7}},"17":{"start":{"line":49,"column":8},"end":{"line":49,"column":49}},"18":{"start":{"line":50,"column":8},"end":{"line":50,"column":26}},"19":{"start":{"line":51,"column":8},"end":{"line":51,"column":15}},"20":{"start":{"line":53,"column":6},"end":{"line":59,"column":20}},"21":{"start":{"line":54,"column":23},"end":{"line":54,"column":68}},"22":{"start":{"line":55,"column":8},"end":{"line":58,"column":9}},"23":{"start":{"line":56,"column":10},"end":{"line":56,"column":42}},"24":{"start":{"line":57,"column":10},"end":{"line":57,"column":28}},"25":{"start":{"line":61,"column":6},"end":{"line":76,"column":7}},"26":{"start":{"line":62,"column":18},"end":{"line":62,"column":100}},"27":{"start":{"line":63,"column":21},"end":{"line":63,"column":37}},"28":{"start":{"line":64,"column":32},"end":{"line":64,"column":34}},"29":{"start":{"line":65,"column":8},"end":{"line":65,"column":81}},"30":{"start":{"line":65,"column":28},"end":{"line":65,"column":79}},"31":{"start":{"line":67,"column":8},"end":{"line":67,"column":69}},"32":{"start":{"line":67,"column":28},"end":{"line":67,"column":67}},"33":{"start":{"line":68,"column":8},"end":{"line":68,"column":26}},"34":{"start":{"line":69,"column":8},"end":{"line":69,"column":86}},"35":{"start":{"line":71,"column":8},"end":{"line":73,"column":9}},"36":{"start":{"line":72,"column":10},"end":{"line":72,"column":58}},"37":{"start":{"line":75,"column":8},"end":{"line":75,"column":26}},"38":{"start":{"line":78,"column":4},"end":{"line":78,"column":20}},"39":{"start":{"line":81,"column":2},"end":{"line":87,"column":3}},"40":{"start":{"line":82,"column":4},"end":{"line":86,"column":6}},"41":{"start":{"line":89,"column":2},"end":{"line":99,"column":3}},"42":{"start":{"line":90,"column":4},"end":{"line":98,"column":6}},"43":{"start":{"line":94,"column":65},"end":{"line":94,"column":96}},"44":{"start":{"line":101,"column":2},"end":{"line":172,"column":4}},"45":{"start":{"line":108,"column":12},"end":{"line":110,"column":31}},"46":{"start":{"line":134,"column":32},"end":{"line":134,"column":39}},"47":{"start":{"line":137,"column":12},"end":{"line":160,"column":31}},"48":{"start":{"line":139,"column":29},"end":{"line":139,"column":130}},"49":{"start":{"line":175,"column":18},"end":{"line":235,"column":2}},"50":{"start":{"line":175,"column":43},"end":{"line":235,"column":2}}},"fnMap":{"0":{"name":"MyBookingsScreen","decl":{"start":{"line":13,"column":24},"end":{"line":13,"column":40}},"loc":{"start":{"line":13,"column":43},"end":{"line":173,"column":1}},"line":13},"1":{"name":"(anonymous_1)","decl":{"start":{"line":21,"column":23},"end":{"line":21,"column":24}},"loc":{"start":{"line":21,"column":29},"end":{"line":38,"column":3}},"line":21},"2":{"name":"(anonymous_2)","decl":{"start":{"line":30,"column":19},"end":{"line":30,"column":20}},"loc":{"start":{"line":30,"column":31},"end":{"line":34,"column":11}},"line":30},"3":{"name":"(anonymous_3)","decl":{"start":{"line":40,"column":12},"end":{"line":40,"column":13}},"loc":{"start":{"line":40,"column":18},"end":{"line":79,"column":3}},"line":40},"4":{"name":"(anonymous_4)","decl":{"start":{"line":41,"column":26},"end":{"line":41,"column":27}},"loc":{"start":{"line":41,"column":38},"end":{"line":77,"column":5}},"line":41},"5":{"name":"(anonymous_5)","decl":{"start":{"line":65,"column":21},"end":{"line":65,"column":22}},"loc":{"start":{"line":65,"column":28},"end":{"line":65,"column":79}},"line":65},"6":{"name":"(anonymous_6)","decl":{"start":{"line":67,"column":18},"end":{"line":67,"column":19}},"loc":{"start":{"line":67,"column":28},"end":{"line":67,"column":67}},"line":67},"7":{"name":"(anonymous_7)","decl":{"start":{"line":69,"column":76},"end":{"line":69,"column":77}},"loc":{"start":{"line":69,"column":82},"end":{"line":69,"column":84}},"line":69},"8":{"name":"(anonymous_8)","decl":{"start":{"line":94,"column":59},"end":{"line":94,"column":60}},"loc":{"start":{"line":94,"column":65},"end":{"line":94,"column":96}},"line":94},"9":{"name":"(anonymous_9)","decl":{"start":{"line":107,"column":23},"end":{"line":107,"column":24}},"loc":{"start":{"line":108,"column":12},"end":{"line":110,"column":31}},"line":108},"10":{"name":"(anonymous_10)","decl":{"start":{"line":134,"column":24},"end":{"line":134,"column":25}},"loc":{"start":{"line":134,"column":32},"end":{"line":134,"column":39}},"line":134},"11":{"name":"(anonymous_11)","decl":{"start":{"line":136,"column":22},"end":{"line":136,"column":23}},"loc":{"start":{"line":137,"column":12},"end":{"line":160,"column":31}},"line":137},"12":{"name":"(anonymous_12)","decl":{"start":{"line":139,"column":23},"end":{"line":139,"column":24}},"loc":{"start":{"line":139,"column":29},"end":{"line":139,"column":130}},"line":139},"13":{"name":"(anonymous_13)","decl":{"start":{"line":175,"column":18},"end":{"line":175,"column":19}},"loc":{"start":{"line":175,"column":43},"end":{"line":235,"column":2}},"line":175}},"branchMap":{"0":{"loc":{"start":{"line":42,"column":6},"end":{"line":45,"column":7}},"type":"if","locations":[{"start":{"line":42,"column":6},"end":{"line":45,"column":7}},{"start":{},"end":{}}],"line":42},"1":{"loc":{"start":{"line":48,"column":6},"end":{"line":52,"column":7}},"type":"if","locations":[{"start":{"line":48,"column":6},"end":{"line":52,"column":7}},{"start":{},"end":{}}],"line":48},"2":{"loc":{"start":{"line":48,"column":10},"end":{"line":48,"column":103}},"type":"binary-expr","locations":[{"start":{"line":48,"column":10},"end":{"line":48,"column":49}},{"start":{"line":48,"column":53},"end":{"line":48,"column":103}}],"line":48},"3":{"loc":{"start":{"line":55,"column":8},"end":{"line":58,"column":9}},"type":"if","locations":[{"start":{"line":55,"column":8},"end":{"line":58,"column":9}},{"start":{},"end":{}}],"line":55},"4":{"loc":{"start":{"line":67,"column":29},"end":{"line":67,"column":45}},"type":"binary-expr","locations":[{"start":{"line":67,"column":29},"end":{"line":67,"column":40}},{"start":{"line":67,"column":44},"end":{"line":67,"column":45}}],"line":67},"5":{"loc":{"start":{"line":67,"column":50},"end":{"line":67,"column":66}},"type":"binary-expr","locations":[{"start":{"line":67,"column":50},"end":{"line":67,"column":61}},{"start":{"line":67,"column":65},"end":{"line":67,"column":66}}],"line":67},"6":{"loc":{"start":{"line":71,"column":8},"end":{"line":73,"column":9}},"type":"if","locations":[{"start":{"line":71,"column":8},"end":{"line":73,"column":9}},{"start":{},"end":{}}],"line":71},"7":{"loc":{"start":{"line":81,"column":2},"end":{"line":87,"column":3}},"type":"if","locations":[{"start":{"line":81,"column":2},"end":{"line":87,"column":3}},{"start":{},"end":{}}],"line":81},"8":{"loc":{"start":{"line":89,"column":2},"end":{"line":99,"column":3}},"type":"if","locations":[{"start":{"line":89,"column":2},"end":{"line":99,"column":3}},{"start":{},"end":{}}],"line":89},"9":{"loc":{"start":{"line":122,"column":63},"end":{"line":122,"column":94}},"type":"binary-expr","locations":[{"start":{"line":122,"column":63},"end":{"line":122,"column":79}},{"start":{"line":122,"column":83},"end":{"line":122,"column":94}}],"line":122},"10":{"loc":{"start":{"line":133,"column":16},"end":{"line":133,"column":30}},"type":"binary-expr","locations":[{"start":{"line":133,"column":16},"end":{"line":133,"column":24}},{"start":{"line":133,"column":28},"end":{"line":133,"column":30}}],"line":133},"11":{"loc":{"start":{"line":135,"column":33},"end":{"line":135,"column":109}},"type":"cond-expr","locations":[{"start":{"line":135,"column":65},"end":{"line":135,"column":86}},{"start":{"line":135,"column":89},"end":{"line":135,"column":109}}],"line":135},"12":{"loc":{"start":{"line":135,"column":34},"end":{"line":135,"column":48}},"type":"binary-expr","locations":[{"start":{"line":135,"column":34},"end":{"line":135,"column":42}},{"start":{"line":135,"column":46},"end":{"line":135,"column":48}}],"line":135},"13":{"loc":{"start":{"line":139,"column":100},"end":{"line":139,"column":125}},"type":"binary-expr","locations":[{"start":{"line":139,"column":100},"end":{"line":139,"column":114}},{"start":{"line":139,"column":118},"end":{"line":139,"column":125}}],"line":139},"14":{"loc":{"start":{"line":145,"column":43},"end":{"line":145,"column":113}},"type":"cond-expr","locations":[{"start":{"line":145,"column":60},"end":{"line":145,"column":105}},{"start":{"line":145,"column":108},"end":{"line":145,"column":113}}],"line":145},"15":{"loc":{"start":{"line":152,"column":19},"end":{"line":156,"column":26}},"type":"cond-expr","locations":[{"start":{"line":153,"column":20},"end":{"line":155,"column":27}},{"start":{"line":156,"column":22},"end":{"line":156,"column":26}}],"line":152}},"s":{"0":16,"1":16,"2":16,"3":16,"4":16,"5":16,"6":16,"7":1,"8":1,"9":1,"10":1,"11":16,"12":8,"13":8,"14":1,"15":1,"16":7,"17":1,"18":1,"19":1,"20":6,"21":6,"22":6,"23":1,"24":1,"25":6,"26":6,"27":6,"28":4,"29":4,"30":3,"31":4,"32":0,"33":4,"34":4,"35":2,"36":2,"37":6,"38":8,"39":16,"40":8,"41":8,"42":1,"43":1,"44":7,"45":7,"46":11,"47":6,"48":1,"49":1,"50":16},"f":{"0":16,"1":1,"2":1,"3":8,"4":8,"5":3,"6":0,"7":0,"8":1,"9":7,"10":11,"11":6,"12":1,"13":16},"b":{"0":[1,7],"1":[1,6],"2":[7,6],"3":[1,5],"4":[0,0],"5":[0,0],"6":[2,0],"7":[8,8],"8":[1,7],"9":[7,0],"10":[7,0],"11":[2,5],"12":[7,0],"13":[1,0],"14":[6,0],"15":[6,0]},"_coverageSchema":"1a1c01bbd47fc00a2c39e90264f33305004495a9","hash":"b6a43c5730107fad34ffb51d3ae012beb203def5"}
,"F:\\HopONTravel\\app\\wishlist.tsx": {"path":"F:\\HopONTravel\\app\\wishlist.tsx","statementMap":{"0":{"start":{"line":11,"column":29},"end":{"line":11,"column":39}},"1":{"start":{"line":12,"column":17},"end":{"line":12,"column":34}},"2":{"start":{"line":13,"column":20},"end":{"line":13,"column":35}},"3":{"start":{"line":14,"column":44},"end":{"line":14,"column":57}},"4":{"start":{"line":15,"column":16},"end":{"line":15,"column":32}},"5":{"start":{"line":17,"column":26},"end":{"line":17,"column":79}},"6":{"start":{"line":17,"column":47},"end":{"line":17,"column":78}},"7":{"start":{"line":19,"column":2},"end":{"line":63,"column":4}},"8":{"start":{"line":25,"column":34},"end":{"line":25,"column":41}},"9":{"start":{"line":28,"column":12},"end":{"line":51,"column":19}},"10":{"start":{"line":46,"column":31},"end":{"line":46,"column":54}},"11":{"start":{"line":66,"column":18},"end":{"line":87,"column":2}},"12":{"start":{"line":66,"column":43},"end":{"line":87,"column":2}}},"fnMap":{"0":{"name":"WishlistScreen","decl":{"start":{"line":10,"column":24},"end":{"line":10,"column":38}},"loc":{"start":{"line":10,"column":41},"end":{"line":64,"column":1}},"line":10},"1":{"name":"(anonymous_1)","decl":{"start":{"line":17,"column":39},"end":{"line":17,"column":40}},"loc":{"start":{"line":17,"column":47},"end":{"line":17,"column":78}},"line":17},"2":{"name":"(anonymous_2)","decl":{"start":{"line":25,"column":24},"end":{"line":25,"column":25}},"loc":{"start":{"line":25,"column":34},"end":{"line":25,"column":41}},"line":25},"3":{"name":"(anonymous_3)","decl":{"start":{"line":27,"column":22},"end":{"line":27,"column":23}},"loc":{"start":{"line":28,"column":12},"end":{"line":51,"column":19}},"line":28},"4":{"name":"(anonymous_4)","decl":{"start":{"line":46,"column":25},"end":{"line":46,"column":26}},"loc":{"start":{"line":46,"column":31},"end":{"line":46,"column":54}},"line":46},"5":{"name":"(anonymous_5)","decl":{"start":{"line":66,"column":18},"end":{"line":66,"column":19}},"loc":{"start":{"line":66,"column":43},"end":{"line":87,"column":2}},"line":66}},"branchMap":{"0":{"loc":{"start":{"line":26,"column":33},"end":{"line":26,"column":95}},"type":"cond-expr","locations":[{"start":{"line":26,"column":64},"end":{"line":26,"column":81}},{"start":{"line":26,"column":84},"end":{"line":26,"column":95}}],"line":26},"1":{"loc":{"start":{"line":32,"column":35},"end":{"line":32,"column":190}},"type":"binary-expr","locations":[{"start":{"line":32,"column":36},"end":{"line":32,"column":97}},{"start":{"line":32,"column":102},"end":{"line":32,"column":190}}],"line":32},"2":{"loc":{"start":{"line":32,"column":36},"end":{"line":32,"column":97}},"type":"cond-expr","locations":[{"start":{"line":32,"column":76},"end":{"line":32,"column":90}},{"start":{"line":32,"column":93},"end":{"line":32,"column":97}}],"line":32},"3":{"loc":{"start":{"line":32,"column":36},"end":{"line":32,"column":73}},"type":"binary-expr","locations":[{"start":{"line":32,"column":36},"end":{"line":32,"column":47}},{"start":{"line":32,"column":51},"end":{"line":32,"column":73}}],"line":32},"4":{"loc":{"start":{"line":39,"column":23},"end":{"line":39,"column":109}},"type":"cond-expr","locations":[{"start":{"line":39,"column":67},"end":{"line":39,"column":95}},{"start":{"line":39,"column":98},"end":{"line":39,"column":109}}],"line":39},"5":{"loc":{"start":{"line":39,"column":23},"end":{"line":39,"column":64}},"type":"binary-expr","locations":[{"start":{"line":39,"column":23},"end":{"line":39,"column":36}},{"start":{"line":39,"column":40},"end":{"line":39,"column":64}}],"line":39}},"s":{"0":5,"1":5,"2":5,"3":5,"4":5,"5":5,"6":15,"7":5,"8":8,"9":4,"10":1,"11":1,"12":5},"f":{"0":5,"1":15,"2":8,"3":4,"4":1,"5":5},"b":{"0":[1,4],"1":[4,1],"2":[3,1],"3":[4,4],"4":[3,1],"5":[4,4]},"_coverageSchema":"1a1c01bbd47fc00a2c39e90264f33305004495a9","hash":"ee418fa0d0561664aa194983465ca52df59cf7c4"}
,"F:\\HopONTravel\\app\\checkout\\[id].tsx": {"path":"F:\\HopONTravel\\app\\checkout\\[id].tsx","statementMap":{"0":{"start":{"line":16,"column":6},"end":{"line":16,"column":28}},"1":{"start":{"line":17,"column":23},"end":{"line":17,"column":38}},"2":{"start":{"line":18,"column":16},"end":{"line":18,"column":32}},"3":{"start":{"line":21,"column":51},"end":{"line":25,"column":3}},"4":{"start":{"line":27,"column":27},"end":{"line":27,"column":71}},"5":{"start":{"line":29,"column":26},"end":{"line":29,"column":38}},"6":{"start":{"line":30,"column":28},"end":{"line":30,"column":40}},"7":{"start":{"line":31,"column":28},"end":{"line":31,"column":40}},"8":{"start":{"line":32,"column":44},"end":{"line":32,"column":78}},"9":{"start":{"line":33,"column":32},"end":{"line":33,"column":47}},"10":{"start":{"line":34,"column":44},"end":{"line":34,"column":59}},"11":{"start":{"line":35,"column":46},"end":{"line":35,"column":61}},"12":{"start":{"line":36,"column":24},"end":{"line":36,"column":68}},"13":{"start":{"line":37,"column":24},"end":{"line":37,"column":68}},"14":{"start":{"line":38,"column":44},"end":{"line":38,"column":56}},"15":{"start":{"line":39,"column":42},"end":{"line":39,"column":57}},"16":{"start":{"line":41,"column":26},"end":{"line":41,"column":88}},"17":{"start":{"line":44,"column":20},"end":{"line":44,"column":76}},"18":{"start":{"line":45,"column":23},"end":{"line":45,"column":73}},"19":{"start":{"line":46,"column":23},"end":{"line":46,"column":78}},"20":{"start":{"line":47,"column":27},"end":{"line":47,"column":54}},"21":{"start":{"line":48,"column":23},"end":{"line":50,"column":18}},"22":{"start":{"line":52,"column":24},"end":{"line":173,"column":3}},"23":{"start":{"line":53,"column":4},"end":{"line":56,"column":5}},"24":{"start":{"line":54,"column":6},"end":{"line":54,"column":68}},"25":{"start":{"line":55,"column":6},"end":{"line":55,"column":13}},"26":{"start":{"line":57,"column":28},"end":{"line":57,"column":55}},"27":{"start":{"line":58,"column":4},"end":{"line":61,"column":5}},"28":{"start":{"line":59,"column":6},"end":{"line":59,"column":84}},"29":{"start":{"line":60,"column":6},"end":{"line":60,"column":13}},"30":{"start":{"line":62,"column":4},"end":{"line":65,"column":5}},"31":{"start":{"line":63,"column":6},"end":{"line":63,"column":77}},"32":{"start":{"line":64,"column":6},"end":{"line":64,"column":13}},"33":{"start":{"line":66,"column":4},"end":{"line":69,"column":5}},"34":{"start":{"line":67,"column":6},"end":{"line":67,"column":103}},"35":{"start":{"line":68,"column":6},"end":{"line":68,"column":13}},"36":{"start":{"line":70,"column":4},"end":{"line":73,"column":5}},"37":{"start":{"line":71,"column":6},"end":{"line":71,"column":89}},"38":{"start":{"line":72,"column":6},"end":{"line":72,"column":13}},"39":{"start":{"line":76,"column":4},"end":{"line":79,"column":5}},"40":{"start":{"line":77,"column":6},"end":{"line":77,"column":82}},"41":{"start":{"line":78,"column":6},"end":{"line":78,"column":13}},"42":{"start":{"line":80,"column":4},"end":{"line":83,"column":5}},"43":{"start":{"line":81,"column":6},"end":{"line":81,"column":74}},"44":{"start":{"line":82,"column":6},"end":{"line":82,"column":13}},"45":{"start":{"line":85,"column":4},"end":{"line":85,"column":26}},"46":{"start":{"line":88,"column":20},"end":{"line":88,"column":88}},"47":{"start":{"line":89,"column":19},"end":{"line":89,"column":31}},"48":{"start":{"line":91,"column":4},"end":{"line":95,"column":5}},"49":{"start":{"line":92,"column":6},"end":{"line":92,"column":84}},"50":{"start":{"line":93,"column":6},"end":{"line":93,"column":29}},"51":{"start":{"line":94,"column":6},"end":{"line":94,"column":13}},"52":{"start":{"line":97,"column":4},"end":{"line":172,"column":5}},"53":{"start":{"line":98,"column":51},"end":{"line":98,"column":60}},"54":{"start":{"line":99,"column":22},"end":{"line":99,"column":24}},"55":{"start":{"line":100,"column":27},"end":{"line":100,"column":35}},"56":{"start":{"line":103,"column":6},"end":{"line":123,"column":7}},"57":{"start":{"line":104,"column":45},"end":{"line":118,"column":10}},"58":{"start":{"line":120,"column":8},"end":{"line":120,"column":72}},"59":{"start":{"line":121,"column":8},"end":{"line":121,"column":50}},"60":{"start":{"line":122,"column":8},"end":{"line":122,"column":47}},"61":{"start":{"line":127,"column":6},"end":{"line":148,"column":16}},"62":{"start":{"line":150,"column":6},"end":{"line":167,"column":9}},"63":{"start":{"line":169,"column":6},"end":{"line":169,"column":89}},"64":{"start":{"line":171,"column":6},"end":{"line":171,"column":29}},"65":{"start":{"line":175,"column":2},"end":{"line":338,"column":4}},"66":{"start":{"line":257,"column":128},"end":{"line":257,"column":151}},"67":{"start":{"line":261,"column":91},"end":{"line":261,"column":114}},"68":{"start":{"line":272,"column":47},"end":{"line":272,"column":71}},"69":{"start":{"line":282,"column":16},"end":{"line":282,"column":39}},"70":{"start":{"line":283,"column":16},"end":{"line":283,"column":41}},"71":{"start":{"line":341,"column":15},"end":{"line":394,"column":2}}},"fnMap":{"0":{"name":"CheckoutScreen","decl":{"start":{"line":10,"column":24},"end":{"line":10,"column":38}},"loc":{"start":{"line":10,"column":41},"end":{"line":339,"column":1}},"line":10},"1":{"name":"(anonymous_1)","decl":{"start":{"line":52,"column":24},"end":{"line":52,"column":25}},"loc":{"start":{"line":52,"column":36},"end":{"line":173,"column":3}},"line":52},"2":{"name":"(anonymous_2)","decl":{"start":{"line":257,"column":122},"end":{"line":257,"column":123}},"loc":{"start":{"line":257,"column":128},"end":{"line":257,"column":151}},"line":257},"3":{"name":"(anonymous_3)","decl":{"start":{"line":261,"column":85},"end":{"line":261,"column":86}},"loc":{"start":{"line":261,"column":91},"end":{"line":261,"column":114}},"line":261},"4":{"name":"(anonymous_4)","decl":{"start":{"line":272,"column":41},"end":{"line":272,"column":42}},"loc":{"start":{"line":272,"column":47},"end":{"line":272,"column":71}},"line":272},"5":{"name":"(anonymous_5)","decl":{"start":{"line":281,"column":23},"end":{"line":281,"column":24}},"loc":{"start":{"line":281,"column":29},"end":{"line":284,"column":15}},"line":281}},"branchMap":{"0":{"loc":{"start":{"line":23,"column":13},"end":{"line":23,"column":54}},"type":"binary-expr","locations":[{"start":{"line":23,"column":14},"end":{"line":23,"column":41}},{"start":{"line":23,"column":46},"end":{"line":23,"column":54}}],"line":23},"1":{"loc":{"start":{"line":24,"column":19},"end":{"line":24,"column":59}},"type":"binary-expr","locations":[{"start":{"line":24,"column":19},"end":{"line":24,"column":46}},{"start":{"line":24,"column":50},"end":{"line":24,"column":59}}],"line":24},"2":{"loc":{"start":{"line":32,"column":53},"end":{"line":32,"column":77}},"type":"binary-expr","locations":[{"start":{"line":32,"column":53},"end":{"line":32,"column":70}},{"start":{"line":32,"column":74},"end":{"line":32,"column":77}}],"line":32},"3":{"loc":{"start":{"line":41,"column":26},"end":{"line":41,"column":88}},"type":"binary-expr","locations":[{"start":{"line":41,"column":27},"end":{"line":41,"column":55}},{"start":{"line":41,"column":60},"end":{"line":41,"column":88}}],"line":41},"4":{"loc":{"start":{"line":44,"column":32},"end":{"line":44,"column":75}},"type":"binary-expr","locations":[{"start":{"line":44,"column":32},"end":{"line":44,"column":70}},{"start":{"line":44,"column":74},"end":{"line":44,"column":75}}],"line":44},"5":{"loc":{"start":{"line":44,"column":41},"end":{"line":44,"column":65}},"type":"binary-expr","locations":[{"start":{"line":44,"column":41},"end":{"line":44,"column":58}},{"start":{"line":44,"column":62},"end":{"line":44,"column":65}}],"line":44},"6":{"loc":{"start":{"line":45,"column":35},"end":{"line":45,"column":72}},"type":"binary-expr","locations":[{"start":{"line":45,"column":35},"end":{"line":45,"column":67}},{"start":{"line":45,"column":71},"end":{"line":45,"column":72}}],"line":45},"7":{"loc":{"start":{"line":46,"column":23},"end":{"line":46,"column":78}},"type":"cond-expr","locations":[{"start":{"line":46,"column":39},"end":{"line":46,"column":63}},{"start":{"line":46,"column":66},"end":{"line":46,"column":78}}],"line":46},"8":{"loc":{"start":{"line":48,"column":23},"end":{"line":50,"column":18}},"type":"cond-expr","locations":[{"start":{"line":49,"column":6},"end":{"line":49,"column":49}},{"start":{"line":50,"column":6},"end":{"line":50,"column":18}}],"line":48},"9":{"loc":{"start":{"line":48,"column":24},"end":{"line":48,"column":72}},"type":"binary-expr","locations":[{"start":{"line":48,"column":24},"end":{"line":48,"column":48}},{"start":{"line":48,"column":52},"end":{"line":48,"column":72}}],"line":48},"10":{"loc":{"start":{"line":53,"column":4},"end":{"line":56,"column":5}},"type":"if","locations":[{"start":{"line":53,"column":4},"end":{"line":56,"column":5}},{"start":{},"end":{}}],"line":53},"11":{"loc":{"start":{"line":53,"column":8},"end":{"line":53,"column":51}},"type":"binary-expr","locations":[{"start":{"line":53,"column":8},"end":{"line":53,"column":13}},{"start":{"line":53,"column":17},"end":{"line":53,"column":23}},{"start":{"line":53,"column":27},"end":{"line":53,"column":33}},{"start":{"line":53,"column":37},"end":{"line":53,"column":51}}],"line":53},"12":{"loc":{"start":{"line":58,"column":4},"end":{"line":61,"column":5}},"type":"if","locations":[{"start":{"line":58,"column":4},"end":{"line":61,"column":5}},{"start":{},"end":{}}],"line":58},"13":{"loc":{"start":{"line":58,"column":8},"end":{"line":58,"column":53}},"type":"binary-expr","locations":[{"start":{"line":58,"column":8},"end":{"line":58,"column":30}},{"start":{"line":58,"column":34},"end":{"line":58,"column":53}}],"line":58},"14":{"loc":{"start":{"line":62,"column":4},"end":{"line":65,"column":5}},"type":"if","locations":[{"start":{"line":62,"column":4},"end":{"line":65,"column":5}},{"start":{},"end":{}}],"line":62},"15":{"loc":{"start":{"line":66,"column":4},"end":{"line":69,"column":5}},"type":"if","locations":[{"start":{"line":66,"column":4},"end":{"line":69,"column":5}},{"start":{},"end":{}}],"line":66},"16":{"loc":{"start":{"line":70,"column":4},"end":{"line":73,"column":5}},"type":"if","locations":[{"start":{"line":70,"column":4},"end":{"line":73,"column":5}},{"start":{},"end":{}}],"line":70},"17":{"loc":{"start":{"line":76,"column":4},"end":{"line":79,"column":5}},"type":"if","locations":[{"start":{"line":76,"column":4},"end":{"line":79,"column":5}},{"start":{},"end":{}}],"line":76},"18":{"loc":{"start":{"line":80,"column":4},"end":{"line":83,"column":5}},"type":"if","locations":[{"start":{"line":80,"column":4},"end":{"line":83,"column":5}},{"start":{},"end":{}}],"line":80},"19":{"loc":{"start":{"line":91,"column":4},"end":{"line":95,"column":5}},"type":"if","locations":[{"start":{"line":91,"column":4},"end":{"line":95,"column":5}},{"start":{},"end":{}}],"line":91},"20":{"loc":{"start":{"line":103,"column":6},"end":{"line":123,"column":7}},"type":"if","locations":[{"start":{"line":103,"column":6},"end":{"line":123,"column":7}},{"start":{},"end":{}}],"line":103},"21":{"loc":{"start":{"line":110,"column":25},"end":{"line":110,"column":91}},"type":"cond-expr","locations":[{"start":{"line":110,"column":51},"end":{"line":110,"column":56}},{"start":{"line":110,"column":59},"end":{"line":110,"column":91}}],"line":110},"22":{"loc":{"start":{"line":120,"column":24},"end":{"line":120,"column":71}},"type":"cond-expr","locations":[{"start":{"line":120,"column":48},"end":{"line":120,"column":59}},{"start":{"line":120,"column":62},"end":{"line":120,"column":71}}],"line":120},"23":{"loc":{"start":{"line":121,"column":20},"end":{"line":121,"column":49}},"type":"binary-expr","locations":[{"start":{"line":121,"column":20},"end":{"line":121,"column":43}},{"start":{"line":121,"column":47},"end":{"line":121,"column":49}}],"line":121},"24":{"loc":{"start":{"line":154,"column":20},"end":{"line":154,"column":49}},"type":"binary-expr","locations":[{"start":{"line":154,"column":21},"end":{"line":154,"column":39}},{"start":{"line":154,"column":44},"end":{"line":154,"column":49}}],"line":154},"25":{"loc":{"start":{"line":169,"column":27},"end":{"line":169,"column":87}},"type":"binary-expr","locations":[{"start":{"line":169,"column":27},"end":{"line":169,"column":37}},{"start":{"line":169,"column":41},"end":{"line":169,"column":87}}],"line":169},"26":{"loc":{"start":{"line":293,"column":7},"end":{"line":311,"column":7}},"type":"cond-expr","locations":[{"start":{"line":294,"column":8},"end":{"line":300,"column":15}},{"start":{"line":302,"column":8},"end":{"line":310,"column":15}}],"line":293},"27":{"loc":{"start":{"line":316,"column":10},"end":{"line":316,"column":50}},"type":"cond-expr","locations":[{"start":{"line":316,"column":25},"end":{"line":316,"column":43}},{"start":{"line":316,"column":46},"end":{"line":316,"column":50}}],"line":316},"28":{"loc":{"start":{"line":321,"column":9},"end":{"line":331,"column":9}},"type":"cond-expr","locations":[{"start":{"line":322,"column":10},"end":{"line":325,"column":17}},{"start":{"line":327,"column":10},"end":{"line":330,"column":17}}],"line":321},"29":{"loc":{"start":{"line":328,"column":31},"end":{"line":328,"column":66}},"type":"cond-expr","locations":[{"start":{"line":328,"column":50},"end":{"line":328,"column":56}},{"start":{"line":328,"column":59},"end":{"line":328,"column":66}}],"line":328},"30":{"loc":{"start":{"line":329,"column":42},"end":{"line":329,"column":103}},"type":"cond-expr","locations":[{"start":{"line":329,"column":61},"end":{"line":329,"column":83}},{"start":{"line":329,"column":86},"end":{"line":329,"column":103}}],"line":329}},"s":{"0":49,"1":49,"2":49,"3":49,"4":49,"5":49,"6":49,"7":49,"8":49,"9":49,"10":49,"11":49,"12":49,"13":49,"14":49,"15":49,"16":49,"17":49,"18":49,"19":49,"20":49,"21":49,"22":49,"23":11,"24":1,"25":1,"26":10,"27":10,"28":1,"29":1,"30":9,"31":1,"32":1,"33":8,"34":1,"35":1,"36":7,"37":1,"38":1,"39":6,"40":1,"41":1,"42":5,"43":1,"44":1,"45":4,"46":4,"47":4,"48":4,"49":1,"50":1,"51":1,"52":3,"53":3,"54":3,"55":3,"56":3,"57":1,"58":1,"59":1,"60":1,"61":3,"62":2,"63":1,"64":3,"65":49,"66":1,"67":1,"68":1,"69":1,"70":1,"71":1},"f":{"0":49,"1":11,"2":1,"3":1,"4":1,"5":1},"b":{"0":[49,0],"1":[49,42],"2":[49,0],"3":[49,0],"4":[49,0],"5":[49,0],"6":[49,5],"7":[49,0],"8":[48,1],"9":[49,49],"10":[1,10],"11":[11,10,10,10],"12":[1,9],"13":[10,10],"14":[1,8],"15":[1,7],"16":[1,6],"17":[1,5],"18":[1,4],"19":[1,3],"20":[1,2],"21":[0,1],"22":[1,0],"23":[1,0],"24":[2,0],"25":[1,0],"26":[7,42],"27":[0,49],"28":[0,49],"29":[7,42],"30":[7,42]},"_coverageSchema":"1a1c01bbd47fc00a2c39e90264f33305004495a9","hash":"5bdaa71482a84b586f6439791c4c8aa0fdffa8df"}
,"F:\\HopONTravel\\assets\\images\\Media.jpg": {"path":"F:\\HopONTravel\\assets\\images\\Media.jpg","statementMap":{"0":{"start":{"line":1,"column":0},"end":{"line":4,"column":6}}},"fnMap":{},"branchMap":{},"s":{"0":1},"f":{},"b":{},"_coverageSchema":"1a1c01bbd47fc00a2c39e90264f33305004495a9","hash":"ddd602a3c3cf862db168a5f125f8ce7842140c16"}
,"F:\\HopONTravel\\components\\OfflineIndicator.tsx": {"path":"F:\\HopONTravel\\components\\OfflineIndicator.tsx","statementMap":{"0":{"start":{"line":6,"column":42},"end":{"line":17,"column":1}},"1":{"start":{"line":7,"column":23},"end":{"line":7,"column":38}},"2":{"start":{"line":9,"column":2},"end":{"line":9,"column":28}},"3":{"start":{"line":9,"column":16},"end":{"line":9,"column":28}},"4":{"start":{"line":11,"column":2},"end":{"line":16,"column":4}},"5":{"start":{"line":19,"column":15},"end":{"line":36,"column":2}}},"fnMap":{"0":{"name":"(anonymous_0)","decl":{"start":{"line":6,"column":42},"end":{"line":6,"column":43}},"loc":{"start":{"line":6,"column":48},"end":{"line":17,"column":1}},"line":6}},"branchMap":{"0":{"loc":{"start":{"line":9,"column":2},"end":{"line":9,"column":28}},"type":"if","locations":[{"start":{"line":9,"column":2},"end":{"line":9,"column":28}},{"start":{},"end":{}}],"line":9}},"s":{"0":1,"1":2,"2":2,"3":1,"4":1,"5":1},"f":{"0":2},"b":{"0":[1,1]},"_coverageSchema":"1a1c01bbd47fc00a2c39e90264f33305004495a9","hash":"e476f28bb3d387e534c417e33d9e41ec5b20ebc0"}
,"F:\\HopONTravel\\components\\Skeleton.tsx": {"path":"F:\\HopONTravel\\components\\Skeleton.tsx","statementMap":{"0":{"start":{"line":11,"column":49},"end":{"line":45,"column":1}},"1":{"start":{"line":12,"column":24},"end":{"line":12,"column":61}},"2":{"start":{"line":14,"column":2},"end":{"line":29,"column":22}},"3":{"start":{"line":15,"column":4},"end":{"line":28,"column":14}},"4":{"start":{"line":31,"column":18},"end":{"line":34,"column":4}},"5":{"start":{"line":36,"column":2},"end":{"line":44,"column":4}},"6":{"start":{"line":47,"column":15},"end":{"line":52,"column":2}}},"fnMap":{"0":{"name":"(anonymous_0)","decl":{"start":{"line":11,"column":49},"end":{"line":11,"column":50}},"loc":{"start":{"line":11,"column":111},"end":{"line":45,"column":1}},"line":11},"1":{"name":"(anonymous_1)","decl":{"start":{"line":14,"column":12},"end":{"line":14,"column":13}},"loc":{"start":{"line":14,"column":18},"end":{"line":29,"column":3}},"line":14}},"branchMap":{"0":{"loc":{"start":{"line":11,"column":52},"end":{"line":11,"column":66}},"type":"default-arg","locations":[{"start":{"line":11,"column":60},"end":{"line":11,"column":66}}],"line":11},"1":{"loc":{"start":{"line":11,"column":68},"end":{"line":11,"column":79}},"type":"default-arg","locations":[{"start":{"line":11,"column":77},"end":{"line":11,"column":79}}],"line":11},"2":{"loc":{"start":{"line":11,"column":81},"end":{"line":11,"column":97}},"type":"default-arg","locations":[{"start":{"line":11,"column":96},"end":{"line":11,"column":97}}],"line":11}},"s":{"0":2,"1":3,"2":3,"3":3,"4":3,"5":3,"6":2},"f":{"0":3,"1":3},"b":{"0":[1],"1":[1],"2":[1]},"_coverageSchema":"1a1c01bbd47fc00a2c39e90264f33305004495a9","hash":"7b86a59310c5cd679aed98e44c5cc96af88a4523"}
[...]
nymous_2)","decl":{"start":{"line":42,"column":2},"end":{"line":42,"column":3}},"loc":{"start":{"line":42,"column":108},"end":{"line":53,"column":3}},"line":42},"3":{"name":"(anonymous_3)","decl":{"start":{"line":56,"column":2},"end":{"line":56,"column":3}},"loc":{"start":{"line":56,"column":48},"end":{"line":71,"column":3}},"line":56},"4":{"name":"(anonymous_4)","decl":{"start":{"line":67,"column":11},"end":{"line":67,"column":12}},"loc":{"start":{"line":67,"column":16},"end":{"line":67,"column":163}},"line":67},"5":{"name":"(anonymous_5)","decl":{"start":{"line":74,"column":2},"end":{"line":74,"column":3}},"loc":{"start":{"line":74,"column":26},"end":{"line":76,"column":3}},"line":74},"6":{"name":"(anonymous_6)","decl":{"start":{"line":79,"column":2},"end":{"line":79,"column":3}},"loc":{"start":{"line":79,"column":16},"end":{"line":81,"column":3}},"line":79},"7":{"name":"(anonymous_7)","decl":{"start":{"line":83,"column":2},"end":{"line":83,"column":3}},"loc":{"start":{"line":83,"column":36},"end":{"line":89,"column":3}},"line":83},"8":{"name":"(anonymous_8)","decl":{"start":{"line":91,"column":2},"end":{"line":91,"column":3}},"loc":{"start":{"line":91,"column":36},"end":{"line":99,"column":3}},"line":91},"9":{"name":"(anonymous_9)","decl":{"start":{"line":101,"column":2},"end":{"line":101,"column":3}},"loc":{"start":{"line":101,"column":38},"end":{"line":113,"column":3}},"line":101},"10":{"name":"(anonymous_10)","decl":{"start":{"line":115,"column":2},"end":{"line":115,"column":3}},"loc":{"start":{"line":115,"column":37},"end":{"line":121,"column":3}},"line":115}},"branchMap":{"0":{"loc":{"start":{"line":36,"column":4},"end":{"line":38,"column":5}},"type":"if","locations":[{"start":{"line":36,"column":4},"end":{"line":38,"column":5}},{"start":{},"end":{}}],"line":36},"1":{"loc":{"start":{"line":48,"column":14},"end":{"line":48,"column":79}},"type":"cond-expr","locations":[{"start":{"line":48,"column":27},"end":{"line":48,"column":72}},{"start":{"line":48,"column":75},"end":{"line":48,"column":79}}],"line":48},"2":{"loc":{"start":{"line":61,"column":15},"end":{"line":61,"column":48}},"type":"binary-expr","locations":[{"start":{"line":61,"column":15},"end":{"line":61,"column":29}},{"start":{"line":61,"column":33},"end":{"line":61,"column":48}}],"line":61},"3":{"loc":{"start":{"line":61,"column":53},"end":{"line":61,"column":79}},"type":"binary-expr","locations":[{"start":{"line":61,"column":53},"end":{"line":61,"column":64}},{"start":{"line":61,"column":68},"end":{"line":61,"column":79}}],"line":61},"4":{"loc":{"start":{"line":62,"column":6},"end":{"line":62,"column":70}},"type":"cond-expr","locations":[{"start":{"line":62,"column":24},"end":{"line":62,"column":65}},{"start":{"line":62,"column":68},"end":{"line":62,"column":70}}],"line":62},"5":{"loc":{"start":{"line":67,"column":99},"end":{"line":67,"column":161}},"type":"cond-expr","locations":[{"start":{"line":67,"column":108},"end":{"line":67,"column":156}},{"start":{"line":67,"column":159},"end":{"line":67,"column":161}}],"line":67},"6":{"loc":{"start":{"line":86,"column":4},"end":{"line":88,"column":5}},"type":"if","locations":[{"start":{"line":86,"column":4},"end":{"line":88,"column":5}},{"start":{},"end":{}}],"line":86},"7":{"loc":{"start":{"line":87,"column":39},"end":{"line":87,"column":49}},"type":"binary-expr","locations":[{"start":{"line":87,"column":39},"end":{"line":87,"column":43}},{"start":{"line":87,"column":47},"end":{"line":87,"column":49}}],"line":87},"8":{"loc":{"start":{"line":94,"column":4},"end":{"line":96,"column":5}},"type":"if","locations":[{"start":{"line":94,"column":4},"end":{"line":96,"column":5}},{"start":{},"end":{}}],"line":94},"9":{"loc":{"start":{"line":95,"column":40},"end":{"line":95,"column":50}},"type":"binary-expr","locations":[{"start":{"line":95,"column":40},"end":{"line":95,"column":44}},{"start":{"line":95,"column":48},"end":{"line":95,"column":50}}],"line":95},"10":{"loc":{"start":{"line":105,"column":12},"end":{"line":105,"column":129}},"type":"cond-expr","locations":[{"start":{"line":105,"column":37},"end":{"line":105,"column":121}},{"start":{"line":105,"column":124},"end":{"line":105,"column":129}}],"line":105},"11":{"loc":{"start":{"line":110,"column":40},"end":{"line":110,"column":51}},"type":"binary-expr","locations":[{"start":{"line":110,"column":40},"end":{"line":110,"column":45}},{"start":{"line":110,"column":49},"end":{"line":110,"column":51}}],"line":110},"12":{"loc":{"start":{"line":118,"column":4},"end":{"line":120,"column":5}},"type":"if","locations":[{"start":{"line":118,"column":4},"end":{"line":120,"column":5}},{"start":{},"end":{}}],"line":118},"13":{"loc":{"start":{"line":119,"column":42},"end":{"line":119,"column":52}},"type":"binary-expr","locations":[{"start":{"line":119,"column":42},"end":{"line":119,"column":46}},{"start":{"line":119,"column":50},"end":{"line":119,"column":52}}],"line":119}},"s":{"0":3,"1":3,"2":3,"3":3,"4":3,"5":15,"6":15,"7":225,"8":225,"9":5,"10":8,"11":8,"12":3,"13":3,"14":4,"15":3,"16":8,"17":13,"18":213,"19":213,"20":213,"21":2,"22":3,"23":3,"24":3,"25":2,"26":3,"27":5,"28":5,"29":5,"30":5,"31":4,"32":4,"33":4,"34":2,"35":3},"f":{"0":15,"1":225,"2":8,"3":3,"4":4,"5":8,"6":13,"7":213,"8":3,"9":5,"10":4},"b":{"0":[5,220],"1":[5,3],"2":[3,1],"3":[3,1],"4":[2,1],"5":[2,2],"6":[2,211],"7":[2,1],"8":[2,1],"9":[2,1],"10":[3,2],"11":[5,1],"12":[2,2],"13":[2,1]},"_coverageSchema":"1a1c01bbd47fc00a2c39e90264f33305004495a9","hash":"96af8f93ed52afc006b6ed541194fef6af26c2e3"}
,"F:\\HopONTravel\\utils\\screenshotPrevention.ts": {"path":"F:\\HopONTravel\\utils\\screenshotPrevention.ts","statementMap":{"0":{"start":{"line":16,"column":38},"end":{"line":16,"column":42}},"1":{"start":{"line":18,"column":0},"end":{"line":23,"column":1}},"2":{"start":{"line":20,"column":2},"end":{"line":20,"column":62}},"3":{"start":{"line":22,"column":2},"end":{"line":22,"column":51}},"4":{"start":{"line":29,"column":42},"end":{"line":49,"column":1}},"5":{"start":{"line":30,"column":2},"end":{"line":39,"column":3}},"6":{"start":{"line":32,"column":4},"end":{"line":37,"column":5}},"7":{"start":{"line":33,"column":6},"end":{"line":33,"column":46}},"8":{"start":{"line":34,"column":6},"end":{"line":34,"column":52}},"9":{"start":{"line":35,"column":6},"end":{"line":35,"column":67}},"10":{"start":{"line":36,"column":6},"end":{"line":36,"column":63}},"11":{"start":{"line":38,"column":4},"end":{"line":38,"column":11}},"12":{"start":{"line":41,"column":2},"end":{"line":48,"column":3}},"13":{"start":{"line":42,"column":4},"end":{"line":47,"column":5}},"14":{"start":{"line":44,"column":6},"end":{"line":44,"column":67}},"15":{"start":{"line":46,"column":6},"end":{"line":46,"column":64}},"16":{"start":{"line":55,"column":43},"end":{"line":73,"column":1}},"17":{"start":{"line":56,"column":2},"end":{"line":64,"column":3}},"18":{"start":{"line":57,"column":4},"end":{"line":62,"column":5}},"19":{"start":{"line":58,"column":6},"end":{"line":58,"column":46}},"20":{"start":{"line":59,"column":6},"end":{"line":59,"column":52}},"21":{"start":{"line":60,"column":6},"end":{"line":60,"column":70}},"22":{"start":{"line":61,"column":6},"end":{"line":61,"column":66}},"23":{"start":{"line":63,"column":4},"end":{"line":63,"column":11}},"24":{"start":{"line":66,"column":2},"end":{"line":72,"column":3}},"25":{"start":{"line":67,"column":4},"end":{"line":71,"column":5}},"26":{"start":{"line":68,"column":6},"end":{"line":68,"column":65}},"27":{"start":{"line":70,"column":6},"end":{"line":70,"column":65}},"28":{"start":{"line":79,"column":39},"end":{"line":110,"column":1}},"29":{"start":{"line":80,"column":22},"end":{"line":80,"column":35}},"30":{"start":{"line":82,"column":2},"end":{"line":109,"column":16}},"31":{"start":{"line":83,"column":4},"end":{"line":83,"column":25}},"32":{"start":{"line":83,"column":18},"end":{"line":83,"column":25}},"33":{"start":{"line":85,"column":4},"end":{"line":85,"column":33}},"34":{"start":{"line":86,"column":4},"end":{"line":86,"column":31}},"35":{"start":{"line":89,"column":28},"end":{"line":89,"column":32}},"36":{"start":{"line":90,"column":4},"end":{"line":98,"column":5}},"37":{"start":{"line":91,"column":6},"end":{"line":97,"column":9}},"38":{"start":{"line":92,"column":8},"end":{"line":96,"column":10}},"39":{"start":{"line":100,"column":4},"end":{"line":108,"column":6}},"40":{"start":{"line":101,"column":6},"end":{"line":104,"column":7}},"41":{"start":{"line":102,"column":8},"end":{"line":102,"column":38}},"42":{"start":{"line":103,"column":8},"end":{"line":103,"column":36}},"43":{"start":{"line":105,"column":6},"end":{"line":107,"column":7}},"44":{"start":{"line":106,"column":8},"end":{"line":106,"column":30}},"45":{"start":{"line":113,"column":27},"end":{"line":116,"column":1}},"46":{"start":{"line":114,"column":2},"end":{"line":114,"column":21}},"47":{"start":{"line":115,"column":2},"end":{"line":115,"column":88}},"48":{"start":{"line":118,"column":27},"end":{"line":123,"column":1}},"49":{"start":{"line":119,"column":2},"end":{"line":122,"column":3}},"50":{"start":{"line":120,"column":4},"end":{"line":120,"column":23}},"51":{"start":{"line":121,"column":4},"end":{"line":121,"column":112}},"52":{"start":{"line":129,"column":40},"end":{"line":135,"column":1}},"53":{"start":{"line":130,"column":2},"end":{"line":130,"column":28}},"54":{"start":{"line":130,"column":16},"end":{"line":130,"column":28}},"55":{"start":{"line":134,"column":2},"end":{"line":134,"column":14}}},"fnMap":{"0":{"name":"(anonymous_0)","decl":{"start":{"line":29,"column":42},"end":{"line":29,"column":43}},"loc":{"start":{"line":29,"column":69},"end":{"line":49,"column":1}},"line":29},"1":{"name":"(anonymous_1)","decl":{"start":{"line":55,"column":43},"end":{"line":55,"column":44}},"loc":{"start":{"line":55,"column":70},"end":{"line":73,"column":1}},"line":55},"2":{"name":"(anonymous_2)","decl":{"start":{"line":79,"column":39},"end":{"line":79,"column":40}},"loc":{"start":{"line":79,"column":68},"end":{"line":110,"column":1}},"line":79},"3":{"name":"(anonymous_3)","decl":{"start":{"line":82,"column":12},"end":{"line":82,"column":13}},"loc":{"start":{"line":82,"column":18},"end":{"line":109,"column":3}},"line":82},"4":{"name":"(anonymous_4)","decl":{"start":{"line":91,"column":70},"end":{"line":91,"column":71}},"loc":{"start":{"line":91,"column":76},"end":{"line":97,"column":7}},"line":91},"5":{"name":"(anonymous_5)","decl":{"start":{"line":100,"column":11},"end":{"line":100,"column":12}},"loc":{"start":{"line":100,"column":17},"end":{"line":108,"column":5}},"line":100},"6":{"name":"(anonymous_6)","decl":{"start":{"line":113,"column":27},"end":{"line":113,"column":28}},"loc":{"start":{"line":113,"column":41},"end":{"line":116,"column":1}},"line":113},"7":{"name":"(anonymous_7)","decl":{"start":{"line":118,"column":27},"end":{"line":118,"column":28}},"loc":{"start":{"line":118,"column":49},"end":{"line":123,"column":1}},"line":118},"8":{"name":"(anonymous_8)","decl":{"start":{"line":129,"column":40},"end":{"line":129,"column":41}},"loc":{"start":{"line":129,"column":79},"end":{"line":135,"column":1}},"line":129}},"branchMap":{"0":{"loc":{"start":{"line":30,"column":2},"end":{"line":39,"column":3}},"type":"if","locations":[{"start":{"line":30,"column":2},"end":{"line":39,"column":3}},{"start":{},"end":{}}],"line":30},"1":{"loc":{"start":{"line":32,"column":4},"end":{"line":37,"column":5}},"type":"if","locations":[{"start":{"line":32,"column":4},"end":{"line":37,"column":5}},{"start":{},"end":{}}],"line":32},"2":{"loc":{"start":{"line":41,"column":2},"end":{"line":48,"column":3}},"type":"if","locations":[{"start":{"line":41,"column":2},"end":{"line":48,"column":3}},{"start":{},"end":{}}],"line":41},"3":{"loc":{"start":{"line":56,"column":2},"end":{"line":64,"column":3}},"type":"if","locations":[{"start":{"line":56,"column":2},"end":{"line":64,"column":3}},{"start":{},"end":{}}],"line":56},"4":{"loc":{"start":{"line":57,"column":4},"end":{"line":62,"column":5}},"type":"if","locations":[{"start":{"line":57,"column":4},"end":{"line":62,"column":5}},{"start":{},"end":{}}],"line":57},"5":{"loc":{"start":{"line":66,"column":2},"end":{"line":72,"column":3}},"type":"if","locations":[{"start":{"line":66,"column":2},"end":{"line":72,"column":3}},{"start":{},"end":{}}],"line":66},"6":{"loc":{"start":{"line":79,"column":40},"end":{"line":79,"column":63}},"type":"default-arg","locations":[{"start":{"line":79,"column":59},"end":{"line":79,"column":63}}],"line":79},"7":{"loc":{"start":{"line":83,"column":4},"end":{"line":83,"column":25}},"type":"if","locations":[{"start":{"line":83,"column":4},"end":{"line":83,"column":25}},{"start":{},"end":{}}],"line":83},"8":{"loc":{"start":{"line":90,"column":4},"end":{"line":98,"column":5}},"type":"if","locations":[{"start":{"line":90,"column":4},"end":{"line":98,"column":5}},{"start":{},"end":{}}],"line":90},"9":{"loc":{"start":{"line":101,"column":6},"end":{"line":104,"column":7}},"type":"if","locations":[{"start":{"line":101,"column":6},"end":{"line":104,"column":7}},{"start":{},"end":{}}],"line":101},"10":{"loc":{"start":{"line":105,"column":6},"end":{"line":107,"column":7}},"type":"if","locations":[{"start":{"line":105,"column":6},"end":{"line":107,"column":7}},{"start":{},"end":{}}],"line":105},"11":{"loc":{"start":{"line":119,"column":2},"end":{"line":122,"column":3}},"type":"if","locations":[{"start":{"line":119,"column":2},"end":{"line":122,"column":3}},{"start":{},"end":{}}],"line":119},"12":{"loc":{"start":{"line":119,"column":6},"end":{"line":119,"column":61}},"type":"binary-expr","locations":[{"start":{"line":119,"column":6},"end":{"line":119,"column":29}},{"start":{"line":119,"column":34},"end":{"line":119,"column":43}},{"start":{"line":119,"column":47},"end":{"line":119,"column":60}}],"line":119},"13":{"loc":{"start":{"line":130,"column":2},"end":{"line":130,"column":28}},"type":"if","locations":[{"start":{"line":130,"column":2},"end":{"line":130,"column":28}},{"start":{},"end":{}}],"line":130}},"s":{"0":2,"1":2,"2":2,"3":1,"4":2,"5":5,"6":1,"7":1,"8":1,"9":1,"10":1,"11":1,"12":4,"13":4,"14":4,"15":1,"16":2,"17":4,"18":1,"19":1,"20":1,"21":1,"22":1,"23":1,"24":3,"25":3,"26":3,"27":1,"28":2,"29":3,"30":3,"31":3,"32":2,"33":1,"34":1,"35":1,"36":1,"37":1,"38":1,"39":1,"40":1,"41":1,"42":1,"43":1,"44":1,"45":2,"46":1,"47":1,"48":2,"49":3,"50":2,"51":2,"52":2,"53":2,"54":1,"55":1},"f":{"0":5,"1":4,"2":3,"3":3,"4":1,"5":1,"6":1,"7":3,"8":2},"b":{"0":[1,4],"1":[1,0],"2":[4,0],"3":[1,3],"4":[1,0],"5":[3,0],"6":[0],"7":[2,1],"8":[1,0],"9":[1,0],"10":[1,0],"11":[2,1],"12":[3,2,1],"13":[1,1]},"_coverageSchema":"1a1c01bbd47fc00a2c39e90264f33305004495a9","hash":"c18242ab8744b744392433809c4b32a92bccfd69"}
,"F:\\HopONTravel\\utils\\uploadImage.ts": {"path":"F:\\HopONTravel\\utils\\uploadImage.ts","statementMap":{"0":{"start":{"line":4,"column":22},"end":{"line":4,"column":68}},"1":{"start":{"line":5,"column":26},"end":{"line":5,"column":76}},"2":{"start":{"line":10,"column":24},"end":{"line":24,"column":1}},"3":{"start":{"line":11,"column":19},"end":{"line":18,"column":4}},"4":{"start":{"line":19,"column":15},"end":{"line":19,"column":36}},"5":{"start":{"line":20,"column":2},"end":{"line":22,"column":3}},"6":{"start":{"line":21,"column":4},"end":{"line":21,"column":60}},"7":{"start":{"line":23,"column":2},"end":{"line":23,"column":31}},"8":{"start":{"line":31,"column":27},"end":{"line":67,"column":1}},"9":{"start":{"line":32,"column":2},"end":{"line":66,"column":3}},"10":{"start":{"line":33,"column":21},"end":{"line":33,"column":35}},"11":{"start":{"line":34,"column":21},"end":{"line":34,"column":68}},"12":{"start":{"line":35,"column":18},"end":{"line":35,"column":43}},"13":{"start":{"line":36,"column":17},"end":{"line":36,"column":59}},"14":{"start":{"line":38,"column":4},"end":{"line":38,"column":67}},"15":{"start":{"line":41,"column":25},"end":{"line":41,"column":105}},"16":{"start":{"line":42,"column":29},"end":{"line":42,"column":118}},"17":{"start":{"line":44,"column":20},"end":{"line":44,"column":78}},"18":{"start":{"line":46,"column":24},"end":{"line":46,"column":34}},"19":{"start":{"line":47,"column":28},"end":{"line":47,"column":38}},"20":{"start":{"line":49,"column":4},"end":{"line":62,"column":5}},"21":{"start":{"line":51,"column":6},"end":{"line":53,"column":7}},"22":{"start":{"line":52,"column":8},"end":{"line":52,"column":109}},"23":{"start":{"line":54,"column":6},"end":{"line":54,"column":31}},"24":{"start":{"line":55,"column":11},"end":{"line":62,"column":5}},"25":{"start":{"line":57,"column":6},"end":{"line":57,"column":103}},"26":{"start":{"line":58,"column":6},"end":{"line":58,"column":35}},"27":{"start":{"line":61,"column":6},"end":{"line":61,"column":118}},"28":{"start":{"line":64,"column":4},"end":{"line":64,"column":51}},"29":{"start":{"line":65,"column":4},"end":{"line":65,"column":16}}},"fnMap":{"0":{"name":"(anonymous_0)","decl":{"start":{"line":10,"column":24},"end":{"line":10,"column":25}},"loc":{"start":{"line":10,"column":84},"end":{"line":24,"column":1}},"line":10},"1":{"name":"(anonymous_1)","decl":{"start":{"line":31,"column":27},"end":{"line":31,"column":28}},"loc":{"start":{"line":31,"column":83},"end":{"line":67,"column":1}},"line":31}},"branchMap":{"0":{"loc":{"start":{"line":4,"column":22},"end":{"line":4,"column":68}},"type":"binary-expr","locations":[{"start":{"line":4,"column":22},"end":{"line":4,"column":62}},{"start":{"line":4,"column":66},"end":{"line":4,"column":68}}],"line":4},"1":{"loc":{"start":{"line":5,"column":26},"end":{"line":5,"column":76}},"type":"binary-expr","locations":[{"start":{"line":5,"column":26},"end":{"line":5,"column":70}},{"start":{"line":5,"column":74},"end":{"line":5,"column":76}}],"line":5},"2":{"loc":{"start":{"line":20,"column":2},"end":{"line":22,"column":3}},"type":"if","locations":[{"start":{"line":20,"column":2},"end":{"line":22,"column":3}},{"start":{},"end":{}}],"line":20},"3":{"loc":{"start":{"line":20,"column":6},"end":{"line":20,"column":35}},"type":"binary-expr","locations":[{"start":{"line":20,"column":6},"end":{"line":20,"column":18}},{"start":{"line":20,"column":22},"end":{"line":20,"column":35}}],"line":20},"4":{"loc":{"start":{"line":21,"column":20},"end":{"line":21,"column":58}},"type":"binary-expr","locations":[{"start":{"line":21,"column":20},"end":{"line":21,"column":39}},{"start":{"line":21,"column":43},"end":{"line":21,"column":58}}],"line":21},"5":{"loc":{"start":{"line":34,"column":21},"end":{"line":34,"column":68}},"type":"binary-expr","locations":[{"start":{"line":34,"column":21},"end":{"line":34,"column":41}},{"start":{"line":34,"column":45},"end":{"line":34,"column":68}}],"line":34},"6":{"loc":{"start":{"line":36,"column":17},"end":{"line":36,"column":59}},"type":"cond-expr","locations":[{"start":{"line":36,"column":25},"end":{"line":36,"column":44}},{"start":{"line":36,"column":47},"end":{"line":36,"column":59}}],"line":36},"7":{"loc":{"start":{"line":49,"column":4},"end":{"line":62,"column":5}},"type":"if","locations":[{"start":{"line":49,"column":4},"end":{"line":62,"column":5}},{"start":{"line":55,"column":11},"end":{"line":62,"column":5}}],"line":49},"8":{"loc":{"start":{"line":51,"column":6},"end":{"line":53,"column":7}},"type":"if","locations":[{"start":{"line":51,"column":6},"end":{"line":53,"column":7}},{"start":{},"end":{}}],"line":51},"9":{"loc":{"start":{"line":55,"column":11},"end":{"line":62,"column":5}},"type":"if","locations":[{"start":{"line":55,"column":11},"end":{"line":62,"column":5}},{"start":{"line":59,"column":11},"end":{"line":62,"column":5}}],"line":55}},"s":{"0":1,"1":1,"2":1,"3":8,"4":8,"5":8,"6":4,"7":4,"8":1,"9":4,"10":4,"11":4,"12":4,"13":4,"14":4,"15":4,"16":4,"17":4,"18":4,"19":4,"20":4,"21":2,"22":1,"23":2,"24":2,"25":1,"26":1,"27":1,"28":1,"29":1},"f":{"0":8,"1":4},"b":{"0":[1,0],"1":[1,0],"2":[4,4],"3":[8,4],"4":[4,0],"5":[4,0],"6":[4,0],"7":[2,2],"8":[1,1],"9":[1,1]},"_coverageSchema":"1a1c01bbd47fc00a2c39e90264f33305004495a9","hash":"a82794224758c28a2ed38890a32d88ac2a31e70c"}
}
