{"F:\\HopONTravel\\app\\my-bookings.tsx": {"path":"F:\\HopONTravel\\app\\my-bookings.tsx","statementMap":{"0":{"start":{"line":14,"column":29},"end":{"line":14,"column":39}},"1":{"start":{"line":15,"column":17},"end":{"line":15,"column":34}},"2":{"start":{"line":16,"column":34},"end":{"line":16,"column":49}},"3":{"start":{"line":17,"column":34},"end":{"line":17,"column":57}},"4":{"start":{"line":18,"column":32},"end":{"line":18,"column":46}},"5":{"start":{"line":19,"column":16},"end":{"line":19,"column":32}},"6":{"start":{"line":21,"column":23},"end":{"line":38,"column":3}},"7":{"start":{"line":22,"column":4},"end":{"line":37,"column":6}},"8":{"start":{"line":31,"column":12},"end":{"line":31,"column":27}},"9":{"start":{"line":32,"column":12},"end":{"line":32,"column":80}},"10":{"start":{"line":33,"column":12},"end":{"line":33,"column":32}},"11":{"start":{"line":40,"column":2},"end":{"line":79,"column":20}},"12":{"start":{"line":41,"column":26},"end":{"line":77,"column":5}},"13":{"start":{"line":42,"column":6},"end":{"line":45,"column":7}},"14":{"start":{"line":43,"column":8},"end":{"line":43,"column":26}},"15":{"start":{"line":44,"column":8},"end":{"line":44,"column":15}},"16":{"start":{"line":48,"column":6},"end":{"line":52,"column":7}},"17":{"start":{"line":49,"column":8},"end":{"line":49,"column":49}},"18":{"start":{"line":50,"column":8},"end":{"line":50,"column":26}},"19":{"start":{"line":51,"column":8},"end":{"line":51,"column":15}},"20":{"start":{"line":53,"column":6},"end":{"line":59,"column":20}},"21":{"start":{"line":54,"column":23},"end":{"line":54,"column":68}},"22":{"start":{"line":55,"column":8},"end":{"line":58,"column":9}},"23":{"start":{"line":56,"column":10},"end":{"line":56,"column":42}},"24":{"start":{"line":57,"column":10},"end":{"line":57,"column":28}},"25":{"start":{"line":61,"column":6},"end":{"line":76,"column":7}},"26":{"start":{"line":62,"column":18},"end":{"line":62,"column":100}},"27":{"start":{"line":63,"column":21},"end":{"line":63,"column":37}},"28":{"start":{"line":64,"column":32},"end":{"line":64,"column":34}},"29":{"start":{"line":65,"column":8},"end":{"line":65,"column":81}},"30":{"start":{"line":65,"column":28},"end":{"line":65,"column":79}},"31":{"start":{"line":67,"column":8},"end":{"line":67,"column":69}},"32":{"start":{"line":67,"column":28},"end":{"line":67,"column":67}},"33":{"start":{"line":68,"column":8},"end":{"line":68,"column":26}},"34":{"start":{"line":69,"column":8},"end":{"line":69,"column":86}},"35":{"start":{"line":71,"column":8},"end":{"line":73,"column":9}},"36":{"start":{"line":72,"column":10},"end":{"line":72,"column":58}},"37":{"start":{"line":75,"column":8},"end":{"line":75,"column":26}},"38":{"start":{"line":78,"column":4},"end":{"line":78,"column":20}},"39":{"start":{"line":81,"column":2},"end":{"line":87,"column":3}},"40":{"start":{"line":82,"column":4},"end":{"line":86,"column":6}},"41":{"start":{"line":89,"column":2},"end":{"line":99,"column":3}},"42":{"start":{"line":90,"column":4},"end":{"line":98,"column":6}},"43":{"start":{"line":94,"column":65},"end":{"line":94,"column":96}},"44":{"start":{"line":101,"column":2},"end":{"line":172,"column":4}},"45":{"start":{"line":108,"column":12},"end":{"line":110,"column":31}},"46":{"start":{"line":134,"column":32},"end":{"line":134,"column":39}},"47":{"start":{"line":137,"column":12},"end":{"line":160,"column":31}},"48":{"start":{"line":139,"column":29},"end":{"line":139,"column":130}},"49":{"start":{"line":175,"column":18},"end":{"line":235,"column":2}},"50":{"start":{"line":175,"column":43},"end":{"line":235,"column":2}}},"fnMap":{"0":{"name":"MyBookingsScreen","decl":{"start":{"line":13,"column":24},"end":{"line":13,"column":40}},"loc":{"start":{"line":13,"column":43},"end":{"line":173,"column":1}},"line":13},"1":{"name":"(anonymous_1)","decl":{"start":{"line":21,"column":23},"end":{"line":21,"column":24}},"loc":{"start":{"line":21,"column":29},"end":{"line":38,"column":3}},"line":21},"2":{"name":"(anonymous_2)","decl":{"start":{"line":30,"column":19},"end":{"line":30,"column":20}},"loc":{"start":{"line":30,"column":31},"end":{"line":34,"column":11}},"line":30},"3":{"name":"(anonymous_3)","decl":{"start":{"line":40,"column":12},"end":{"line":40,"column":13}},"loc":{"start":{"line":40,"column":18},"end":{"line":79,"column":3}},"line":40},"4":{"name":"(anonymous_4)","decl":{"start":{"line":41,"column":26},"end":{"line":41,"column":27}},"loc":{"start":{"line":41,"column":38},"end":{"line":77,"column":5}},"line":41},"5":{"name":"(anonymous_5)","decl":{"start":{"line":65,"column":21},"end":{"line":65,"column":22}},"loc":{"start":{"line":65,"column":28},"end":{"line":65,"column":79}},"line":65},"6":{"name":"(anonymous_6)","decl":{"start":{"line":67,"column":18},"end":{"line":67,"column":19}},"loc":{"start":{"line":67,"column":28},"end":{"line":67,"column":67}},"line":67},"7":{"name":"(anonymous_7)","decl":{"start":{"line":69,"column":76},"end":{"line":69,"column":77}},"loc":{"start":{"line":69,"column":82},"end":{"line":69,"column":84}},"line":69},"8":{"name":"(anonymous_8)","decl":{"start":{"line":94,"column":59},"end":{"line":94,"column":60}},"loc":{"start":{"line":94,"column":65},"end":{"line":94,"column":96}},"line":94},"9":{"name":"(anonymous_9)","decl":{"start":{"line":107,"column":23},"end":{"line":107,"column":24}},"loc":{"start":{"line":108,"column":12},"end":{"line":110,"column":31}},"line":108},"10":{"name":"(anonymous_10)","decl":{"start":{"line":134,"column":24},"end":{"line":134,"column":25}},"loc":{"start":{"line":134,"column":32},"end":{"line":134,"column":39}},"line":134},"11":{"name":"(anonymous_11)","decl":{"start":{"line":136,"column":22},"end":{"line":136,"column":23}},"loc":{"start":{"line":137,"column":12},"end":{"line":160,"column":31}},"line":137},"12":{"name":"(anonymous_12)","decl":{"start":{"line":139,"column":23},"end":{"line":139,"column":24}},"loc":{"start":{"line":139,"column":29},"end":{"line":139,"column":130}},"line":139},"13":{"name":"(anonymous_13)","decl":{"start":{"line":175,"column":18},"end":{"line":175,"column":19}},"loc":{"start":{"line":175,"column":43},"end":{"line":235,"column":2}},"line":175}},"branchMap":{"0":{"loc":{"start":{"line":42,"column":6},"end":{"line":45,"column":7}},"type":"if","locations":[{"start":{"line":42,"column":6},"end":{"line":45,"column":7}},{"start":{},"end":{}}],"line":42},"1":{"loc":{"start":{"line":48,"column":6},"end":{"line":52,"column":7}},"type":"if","locations":[{"start":{"line":48,"column":6},"end":{"line":52,"column":7}},{"start":{},"end":{}}],"line":48},"2":{"loc":{"start":{"line":48,"column":10},"end":{"line":48,"column":103}},"type":"binary-expr","locations":[{"start":{"line":48,"column":10},"end":{"line":48,"column":49}},{"start":{"line":48,"column":53},"end":{"line":48,"column":103}}],"line":48},"3":{"loc":{"start":{"line":55,"column":8},"end":{"line":58,"column":9}},"type":"if","locations":[{"start":{"line":55,"column":8},"end":{"line":58,"column":9}},{"start":{},"end":{}}],"line":55},"4":{"loc":{"start":{"line":67,"column":29},"end":{"line":67,"column":45}},"type":"binary-expr","locations":[{"start":{"line":67,"column":29},"end":{"line":67,"column":40}},{"start":{"line":67,"column":44},"end":{"line":67,"column":45}}],"line":67},"5":{"loc":{"start":{"line":67,"column":50},"end":{"line":67,"column":66}},"type":"binary-expr","locations":[{"start":{"line":67,"column":50},"end":{"line":67,"column":61}},{"start":{"line":67,"column":65},"end":{"line":67,"column":66}}],"line":67},"6":{"loc":{"start":{"line":71,"column":8},"end":{"line":73,"column":9}},"type":"if","locations":[{"start":{"line":71,"column":8},"end":{"line":73,"column":9}},{"start":{},"end":{}}],"line":71},"7":{"loc":{"start":{"line":81,"column":2},"end":{"line":87,"column":3}},"type":"if","locations":[{"start":{"line":81,"column":2},"end":{"line":87,"column":3}},{"start":{},"end":{}}],"line":81},"8":{"loc":{"start":{"line":89,"column":2},"end":{"line":99,"column":3}},"type":"if","locations":[{"start":{"line":89,"column":2},"end":{"line":99,"column":3}},{"start":{},"end":{}}],"line":89},"9":{"loc":{"start":{"line":122,"column":63},"end":{"line":122,"column":94}},"type":"binary-expr","locations":[{"start":{"line":122,"column":63},"end":{"line":122,"column":79}},{"start":{"line":122,"column":83},"end":{"line":122,"column":94}}],"line":122},"10":{"loc":{"start":{"line":133,"column":16},"end":{"line":133,"column":30}},"type":"binary-expr","locations":[{"start":{"line":133,"column":16},"end":{"line":133,"column":24}},{"start":{"line":133,"column":28},"end":{"line":133,"column":30}}],"line":133},"11":{"loc":{"start":{"line":135,"column":33},"end":{"line":135,"column":109}},"type":"cond-expr","locations":[{"start":{"line":135,"column":65},"end":{"line":135,"column":86}},{"start":{"line":135,"column":89},"end":{"line":135,"column":109}}],"line":135},"12":{"loc":{"start":{"line":135,"column":34},"end":{"line":135,"column":48}},"type":"binary-expr","locations":[{"start":{"line":135,"column":34},"end":{"line":135,"column":42}},{"start":{"line":135,"column":46},"end":{"line":135,"column":48}}],"line":135},"13":{"loc":{"start":{"line":139,"column":100},"end":{"line":139,"column":125}},"type":"binary-expr","locations":[{"start":{"line":139,"column":100},"end":{"line":139,"column":114}},{"start":{"line":139,"column":118},"end":{"line":139,"column":125}}],"line":139},"14":{"loc":{"start":{"line":145,"column":43},"end":{"line":145,"column":113}},"type":"cond-expr","locations":[{"start":{"line":145,"column":60},"end":{"line":145,"column":105}},{"start":{"line":145,"column":108},"end":{"line":145,"column":113}}],"line":145},"15":{"loc":{"start":{"line":152,"column":19},"end":{"line":156,"column":26}},"type":"cond-expr","locations":[{"start":{"line":153,"column":20},"end":{"line":155,"column":27}},{"start":{"line":156,"column":22},"end":{"line":156,"column":26}}],"line":152}},"s":{"0":16,"1":16,"2":16,"3":16,"4":16,"5":16,"6":16,"7":1,"8":1,"9":1,"10":1,"11":16,"12":8,"13":8,"14":1,"15":1,"16":7,"17":1,"18":1,"19":1,"20":6,"21":6,"22":6,"23":1,"24":1,"25":6,"26":6,"27":6,"28":4,"29":4,"30":3,"31":4,"32":0,"33":4,"34":4,"35":2,"36":2,"37":6,"38":8,"39":16,"40":8,"41":8,"42":1,"43":1,"44":7,"45":0,"46":8,"47":4,"48":1,"49":1,"50":16},"f":{"0":16,"1":1,"2":1,"3":8,"4":8,"5":3,"6":0,"7":0,"8":1,"9":0,"10":8,"11":4,"12":1,"13":16},"b":{"0":[1,7],"1":[1,6],"2":[7,6],"3":[1,5],"4":[0,0],"5":[0,0],"6":[2,0],"7":[8,8],"8":[1,7],"9":[7,0],"10":[7,1],"11":[3,4],"12":[7,1],"13":[1,0],"14":[4,0],"15":[4,0]},"_coverageSchema":"1a1c01bbd47fc00a2c39e90264f33305004495a9","hash":"b6a43c5730107fad34ffb51d3ae012beb203def5"}
}
