TN:
SF:app\booking-status.tsx
FN:11,BookingStatusScreen
FN:24,(anonymous_1)
FN:66,(anonymous_2)
FN:73,(anonymous_3)
FN:74,(anonymous_4)
FN:81,(anonymous_5)
FN:82,(anonymous_6)
FN:94,(anonymous_7)
FN:98,(anonymous_8)
FN:219,(anonymous_9)
FN:251,(anonymous_10)
FNF:11
FNH:10
FNDA:26,BookingStatusScreen
FNDA:7,(anonymous_1)
FNDA:10,(anonymous_2)
FNDA:10,(anonymous_3)
FNDA:10,(anonymous_4)
FNDA:1,(anonymous_5)
FNDA:0,(anonymous_6)
FNDA:6,(anonymous_7)
FNDA:5,(anonymous_8)
FNDA:1,(anonymous_9)
FNDA:1,(anonymous_10)
DA:12,26
DA:13,26
DA:14,26
DA:15,26
DA:16,26
DA:17,26
DA:19,26
DA:20,26
DA:22,26
DA:24,26
DA:25,7
DA:26,7
DA:27,1
DA:28,1
DA:31,6
DA:32,6
DA:33,6
DA:35,6
DA:36,6
DA:37,6
DA:39,5
DA:40,3
DA:43,2
DA:44,2
DA:45,2
DA:46,1
DA:49,1
DA:50,1
DA:51,1
DA:52,0
DA:54,1
DA:59,1
DA:60,1
DA:62,6
DA:66,26
DA:67,10
DA:68,1
DA:69,1
DA:73,26
DA:74,10
DA:75,10
DA:76,1
DA:77,1
DA:78,1
DA:79,1
DA:80,1
DA:81,1
DA:82,1
DA:83,1
DA:85,0
DA:87,1
DA:91,10
DA:94,26
DA:95,6
DA:98,26
DA:99,5
DA:176,26
DA:219,1
DA:251,1
DA:264,1
LF:60
LH:58
BRDA:14,0,0,26
BRDA:14,0,1,23
BRDA:26,1,0,1
BRDA:26,1,1,6
BRDA:39,2,0,3
BRDA:39,2,1,2
BRDA:45,3,0,1
BRDA:45,3,1,1
BRDA:51,4,0,0
BRDA:51,4,1,1
BRDA:67,5,0,1
BRDA:67,5,1,9
BRDA:75,6,0,1
BRDA:75,6,1,9
BRDA:75,7,0,10
BRDA:75,7,1,1
BRDA:82,8,0,0
BRDA:82,8,1,0
BRDA:82,9,0,0
BRDA:82,9,1,0
BRDA:100,10,0,5
BRDA:100,10,1,1
BRDA:100,11,0,5
BRDA:100,11,1,0
BRDA:100,12,0,5
BRDA:100,12,1,0
BRDA:104,13,0,4
BRDA:104,13,1,1
BRDA:104,14,0,1
BRDA:104,14,1,0
BRDA:106,15,0,4
BRDA:106,15,1,1
BRDA:106,16,0,1
BRDA:106,16,1,0
BRDA:108,17,0,5
BRDA:108,17,1,1
BRDA:108,18,0,5
BRDA:108,18,1,5
BRDA:108,18,2,0
BRDA:126,19,0,5
BRDA:126,19,1,5
BRDA:144,20,0,5
BRDA:144,20,1,0
BRDA:147,21,0,5
BRDA:147,21,1,1
BRDA:156,22,0,5
BRDA:156,22,1,4
BRDA:165,23,0,5
BRDA:165,23,1,0
BRDA:196,24,0,26
BRDA:196,24,1,2
BRDA:200,25,0,2
BRDA:200,25,1,24
BRDA:203,26,0,3
BRDA:203,26,1,23
BRDA:207,27,0,26
BRDA:207,27,1,4
BRDA:212,28,0,26
BRDA:212,28,1,22
BRDA:218,29,0,22
BRDA:218,29,1,0
BRDA:222,30,0,0
BRDA:222,30,1,22
BRDA:227,31,0,0
BRDA:227,31,1,22
BRDA:232,32,0,26
BRDA:232,32,1,4
BRDA:232,32,2,1
BRDA:239,33,0,26
BRDA:239,33,1,4
BRDA:239,33,2,3
BRDA:248,34,0,1
BRDA:248,34,1,2
BRDA:250,35,0,1
BRDA:250,35,1,1
BRF:75
BRH:60
end_of_record
