TN:
SF:services\paymentService.ts
FN:51,(anonymous_0)
FN:84,(anonymous_1)
FN:127,(anonymous_2)
FN:143,(anonymous_3)
FN:154,(anonymous_4)
FNF:5
FNH:5
FNDA:8,(anonymous_0)
FNDA:4,(anonymous_1)
FNDA:1,(anonymous_2)
FNDA:6,(anonymous_3)
FNDA:3,(anonymous_4)
DA:51,1
DA:54,8
DA:57,8
DA:58,2
DA:66,6
DA:68,4
DA:70,1
DA:72,1
DA:84,1
DA:85,4
DA:88,4
DA:89,2
DA:97,2
DA:115,2
DA:127,1
DA:129,1
DA:143,1
DA:144,6
DA:154,1
DA:155,3
DA:172,3
DA:176,1
DA:177,1
DA:178,1
LF:24
LH:24
BRDA:57,0,0,2
BRDA:57,0,1,6
BRDA:57,1,0,8
BRDA:57,1,1,7
BRDA:66,2,0,4
BRDA:66,2,1,1
BRDA:66,2,2,1
BRDA:88,3,0,2
BRDA:88,3,1,2
BRDA:88,4,0,4
BRDA:88,4,1,3
BRDA:145,5,0,6
BRDA:145,5,1,4
BRDA:145,5,2,3
BRDA:145,5,3,2
BRF:15
BRH:15
end_of_record
